[0.591s] DEBUG:colcon:Command line arguments: ['/usr/bin/colcon', 'build']
[0.591s] DEBUG:colcon:Parsed command line arguments: Namespace(log_base=None, log_level=None, verb_name='build', build_base='build', install_base='install', merge_install=False, symlink_install=False, test_result_base=None, continue_on_error=False, executor='parallel', parallel_workers=8, event_handlers=None, ignore_user_meta=False, metas=['./colcon.meta'], base_paths=['.'], packages_ignore=None, packages_ignore_regex=None, paths=None, packages_up_to=None, packages_up_to_regex=None, packages_above=None, packages_above_and_dependencies=None, packages_above_depth=None, packages_select_by_dep=None, packages_skip_by_dep=None, packages_skip_up_to=None, packages_select_build_failed=False, packages_skip_build_finished=False, packages_select_test_failures=False, packages_skip_test_passed=False, packages_select=None, packages_skip=None, packages_select_regex=None, packages_skip_regex=None, packages_start=None, packages_end=None, allow_overriding=[], cmake_args=None, cmake_target=None, cmake_target_skip_unavailable=False, cmake_clean_cache=False, cmake_clean_first=False, cmake_force_configure=False, ament_cmake_args=None, catkin_cmake_args=None, catkin_skip_building_tests=False, verb_parser=<colcon_defaults.argument_parser.defaults.DefaultArgumentsDecorator object at 0x7efd0f99b610>, verb_extension=<colcon_core.verb.build.BuildVerb object at 0x7efd0f99b0a0>, main=<bound method BuildVerb.main of <colcon_core.verb.build.BuildVerb object at 0x7efd0f99b0a0>>)
[0.657s] Level 1:colcon.colcon_core.package_discovery:discover_packages(colcon_meta) check parameters
[0.657s] Level 1:colcon.colcon_core.package_discovery:discover_packages(recursive) check parameters
[0.657s] Level 1:colcon.colcon_core.package_discovery:discover_packages(ignore) check parameters
[0.657s] Level 1:colcon.colcon_core.package_discovery:discover_packages(path) check parameters
[0.657s] Level 1:colcon.colcon_core.package_discovery:discover_packages(colcon_meta) discover
[0.657s] Level 1:colcon.colcon_core.package_discovery:discover_packages(recursive) discover
[0.657s] INFO:colcon.colcon_core.package_discovery:Crawling recursively for packages in '/home/shiva/Documents/proj_wrkspace'
[0.658s] Level 1:colcon.colcon_core.package_identification:_identify(.) by extensions ['ignore', 'ignore_ament_install']
[0.658s] Level 1:colcon.colcon_core.package_identification:_identify(.) by extension 'ignore'
[0.658s] Level 1:colcon.colcon_core.package_identification:_identify(.) by extension 'ignore_ament_install'
[0.658s] Level 1:colcon.colcon_core.package_identification:_identify(.) by extensions ['colcon_pkg']
[0.658s] Level 1:colcon.colcon_core.package_identification:_identify(.) by extension 'colcon_pkg'
[0.658s] Level 1:colcon.colcon_core.package_identification:_identify(.) by extensions ['colcon_meta']
[0.658s] Level 1:colcon.colcon_core.package_identification:_identify(.) by extension 'colcon_meta'
[0.658s] Level 1:colcon.colcon_core.package_identification:_identify(.) by extensions ['ros']
[0.658s] Level 1:colcon.colcon_core.package_identification:_identify(.) by extension 'ros'
[0.671s] Level 1:colcon.colcon_core.package_identification:_identify(.) by extensions ['cmake', 'python']
[0.671s] Level 1:colcon.colcon_core.package_identification:_identify(.) by extension 'cmake'
[0.672s] Level 1:colcon.colcon_core.package_identification:_identify(.) by extension 'python'
[0.672s] Level 1:colcon.colcon_core.package_identification:_identify(.) by extensions ['python_setup_py']
[0.672s] Level 1:colcon.colcon_core.package_identification:_identify(.) by extension 'python_setup_py'
[0.672s] Level 1:colcon.colcon_core.package_identification:_identify(build) by extensions ['ignore', 'ignore_ament_install']
[0.672s] Level 1:colcon.colcon_core.package_identification:_identify(build) by extension 'ignore'
[0.672s] Level 1:colcon.colcon_core.package_identification:_identify(build) ignored
[0.672s] Level 1:colcon.colcon_core.package_identification:_identify(install) by extensions ['ignore', 'ignore_ament_install']
[0.672s] Level 1:colcon.colcon_core.package_identification:_identify(install) by extension 'ignore'
[0.672s] Level 1:colcon.colcon_core.package_identification:_identify(install) ignored
[0.672s] Level 1:colcon.colcon_core.package_identification:_identify(log) by extensions ['ignore', 'ignore_ament_install']
[0.672s] Level 1:colcon.colcon_core.package_identification:_identify(log) by extension 'ignore'
[0.672s] Level 1:colcon.colcon_core.package_identification:_identify(log) ignored
[0.672s] Level 1:colcon.colcon_core.package_identification:_identify(src) by extensions ['ignore', 'ignore_ament_install']
[0.672s] Level 1:colcon.colcon_core.package_identification:_identify(src) by extension 'ignore'
[0.672s] Level 1:colcon.colcon_core.package_identification:_identify(src) by extension 'ignore_ament_install'
[0.672s] Level 1:colcon.colcon_core.package_identification:_identify(src) by extensions ['colcon_pkg']
[0.672s] Level 1:colcon.colcon_core.package_identification:_identify(src) by extension 'colcon_pkg'
[0.673s] Level 1:colcon.colcon_core.package_identification:_identify(src) by extensions ['colcon_meta']
[0.673s] Level 1:colcon.colcon_core.package_identification:_identify(src) by extension 'colcon_meta'
[0.673s] Level 1:colcon.colcon_core.package_identification:_identify(src) by extensions ['ros']
[0.673s] Level 1:colcon.colcon_core.package_identification:_identify(src) by extension 'ros'
[0.673s] Level 1:colcon.colcon_core.package_identification:_identify(src) by extensions ['cmake', 'python']
[0.673s] Level 1:colcon.colcon_core.package_identification:_identify(src) by extension 'cmake'
[0.673s] Level 1:colcon.colcon_core.package_identification:_identify(src) by extension 'python'
[0.673s] Level 1:colcon.colcon_core.package_identification:_identify(src) by extensions ['python_setup_py']
[0.673s] Level 1:colcon.colcon_core.package_identification:_identify(src) by extension 'python_setup_py'
[0.673s] Level 1:colcon.colcon_core.package_identification:_identify(src/turtlebot3_fake_node) by extensions ['ignore', 'ignore_ament_install']
[0.673s] Level 1:colcon.colcon_core.package_identification:_identify(src/turtlebot3_fake_node) by extension 'ignore'
[0.673s] Level 1:colcon.colcon_core.package_identification:_identify(src/turtlebot3_fake_node) by extension 'ignore_ament_install'
[0.673s] Level 1:colcon.colcon_core.package_identification:_identify(src/turtlebot3_fake_node) by extensions ['colcon_pkg']
[0.673s] Level 1:colcon.colcon_core.package_identification:_identify(src/turtlebot3_fake_node) by extension 'colcon_pkg'
[0.673s] Level 1:colcon.colcon_core.package_identification:_identify(src/turtlebot3_fake_node) by extensions ['colcon_meta']
[0.673s] Level 1:colcon.colcon_core.package_identification:_identify(src/turtlebot3_fake_node) by extension 'colcon_meta'
[0.673s] Level 1:colcon.colcon_core.package_identification:_identify(src/turtlebot3_fake_node) by extensions ['ros']
[0.673s] Level 1:colcon.colcon_core.package_identification:_identify(src/turtlebot3_fake_node) by extension 'ros'
[0.676s] DEBUG:colcon.colcon_core.package_identification:Package 'src/turtlebot3_fake_node' with type 'ros.ament_cmake' and name 'turtlebot3_fake_node'
[0.676s] Level 1:colcon.colcon_core.package_identification:_identify(src/turtlebot3_gazebo) by extensions ['ignore', 'ignore_ament_install']
[0.676s] Level 1:colcon.colcon_core.package_identification:_identify(src/turtlebot3_gazebo) by extension 'ignore'
[0.677s] Level 1:colcon.colcon_core.package_identification:_identify(src/turtlebot3_gazebo) by extension 'ignore_ament_install'
[0.677s] Level 1:colcon.colcon_core.package_identification:_identify(src/turtlebot3_gazebo) by extensions ['colcon_pkg']
[0.677s] Level 1:colcon.colcon_core.package_identification:_identify(src/turtlebot3_gazebo) by extension 'colcon_pkg'
[0.677s] Level 1:colcon.colcon_core.package_identification:_identify(src/turtlebot3_gazebo) by extensions ['colcon_meta']
[0.677s] Level 1:colcon.colcon_core.package_identification:_identify(src/turtlebot3_gazebo) by extension 'colcon_meta'
[0.677s] Level 1:colcon.colcon_core.package_identification:_identify(src/turtlebot3_gazebo) by extensions ['ros']
[0.677s] Level 1:colcon.colcon_core.package_identification:_identify(src/turtlebot3_gazebo) by extension 'ros'
[0.678s] DEBUG:colcon.colcon_core.package_identification:Package 'src/turtlebot3_gazebo' with type 'ros.ament_cmake' and name 'turtlebot3_gazebo'
[0.678s] Level 1:colcon.colcon_core.package_identification:_identify(src/turtlebot3_simulations) by extensions ['ignore', 'ignore_ament_install']
[0.678s] Level 1:colcon.colcon_core.package_identification:_identify(src/turtlebot3_simulations) by extension 'ignore'
[0.678s] Level 1:colcon.colcon_core.package_identification:_identify(src/turtlebot3_simulations) by extension 'ignore_ament_install'
[0.678s] Level 1:colcon.colcon_core.package_identification:_identify(src/turtlebot3_simulations) by extensions ['colcon_pkg']
[0.678s] Level 1:colcon.colcon_core.package_identification:_identify(src/turtlebot3_simulations) by extension 'colcon_pkg'
[0.678s] Level 1:colcon.colcon_core.package_identification:_identify(src/turtlebot3_simulations) by extensions ['colcon_meta']
[0.678s] Level 1:colcon.colcon_core.package_identification:_identify(src/turtlebot3_simulations) by extension 'colcon_meta'
[0.678s] Level 1:colcon.colcon_core.package_identification:_identify(src/turtlebot3_simulations) by extensions ['ros']
[0.678s] Level 1:colcon.colcon_core.package_identification:_identify(src/turtlebot3_simulations) by extension 'ros'
[0.679s] DEBUG:colcon.colcon_core.package_identification:Package 'src/turtlebot3_simulations' with type 'ros.ament_cmake' and name 'turtlebot3_simulations'
[0.679s] Level 1:colcon.colcon_core.package_discovery:discover_packages(recursive) using defaults
[0.679s] Level 1:colcon.colcon_core.package_discovery:discover_packages(ignore) discover
[0.679s] Level 1:colcon.colcon_core.package_discovery:discover_packages(ignore) using defaults
[0.679s] Level 1:colcon.colcon_core.package_discovery:discover_packages(path) discover
[0.679s] Level 1:colcon.colcon_core.package_discovery:discover_packages(path) using defaults
[0.731s] Level 1:colcon.colcon_core.package_discovery:discover_packages(prefix_path) check parameters
[0.731s] Level 1:colcon.colcon_core.package_discovery:discover_packages(prefix_path) discover
[0.736s] DEBUG:colcon.colcon_installed_package_information.package_discovery:Found 3 installed packages in /home/shiva/Documents/proj_wrkspace/install
[0.737s] DEBUG:colcon.colcon_installed_package_information.package_discovery:Found 4 installed packages in /home/shiva/Documents/ros2_wrk_spc/install
[0.739s] DEBUG:colcon.colcon_installed_package_information.package_discovery:Found 339 installed packages in /opt/ros/humble
[0.742s] Level 1:colcon.colcon_core.package_discovery:discover_packages(prefix_path) using defaults
[0.840s] Level 5:colcon.colcon_core.verb:set package 'turtlebot3_fake_node' build argument 'cmake_args' from command line to 'None'
[0.840s] Level 5:colcon.colcon_core.verb:set package 'turtlebot3_fake_node' build argument 'cmake_target' from command line to 'None'
[0.840s] Level 5:colcon.colcon_core.verb:set package 'turtlebot3_fake_node' build argument 'cmake_target_skip_unavailable' from command line to 'False'
[0.840s] Level 5:colcon.colcon_core.verb:set package 'turtlebot3_fake_node' build argument 'cmake_clean_cache' from command line to 'False'
[0.840s] Level 5:colcon.colcon_core.verb:set package 'turtlebot3_fake_node' build argument 'cmake_clean_first' from command line to 'False'
[0.840s] Level 5:colcon.colcon_core.verb:set package 'turtlebot3_fake_node' build argument 'cmake_force_configure' from command line to 'False'
[0.841s] Level 5:colcon.colcon_core.verb:set package 'turtlebot3_fake_node' build argument 'ament_cmake_args' from command line to 'None'
[0.841s] Level 5:colcon.colcon_core.verb:set package 'turtlebot3_fake_node' build argument 'catkin_cmake_args' from command line to 'None'
[0.841s] Level 5:colcon.colcon_core.verb:set package 'turtlebot3_fake_node' build argument 'catkin_skip_building_tests' from command line to 'False'
[0.841s] DEBUG:colcon.colcon_core.verb:Building package 'turtlebot3_fake_node' with the following arguments: {'ament_cmake_args': None, 'build_base': '/home/shiva/Documents/proj_wrkspace/build/turtlebot3_fake_node', 'catkin_cmake_args': None, 'catkin_skip_building_tests': False, 'cmake_args': None, 'cmake_clean_cache': False, 'cmake_clean_first': False, 'cmake_force_configure': False, 'cmake_target': None, 'cmake_target_skip_unavailable': False, 'install_base': '/home/shiva/Documents/proj_wrkspace/install/turtlebot3_fake_node', 'merge_install': False, 'path': '/home/shiva/Documents/proj_wrkspace/src/turtlebot3_fake_node', 'symlink_install': False, 'test_result_base': None}
[0.842s] Level 5:colcon.colcon_core.verb:set package 'turtlebot3_gazebo' build argument 'cmake_args' from command line to 'None'
[0.842s] Level 5:colcon.colcon_core.verb:set package 'turtlebot3_gazebo' build argument 'cmake_target' from command line to 'None'
[0.842s] Level 5:colcon.colcon_core.verb:set package 'turtlebot3_gazebo' build argument 'cmake_target_skip_unavailable' from command line to 'False'
[0.842s] Level 5:colcon.colcon_core.verb:set package 'turtlebot3_gazebo' build argument 'cmake_clean_cache' from command line to 'False'
[0.842s] Level 5:colcon.colcon_core.verb:set package 'turtlebot3_gazebo' build argument 'cmake_clean_first' from command line to 'False'
[0.842s] Level 5:colcon.colcon_core.verb:set package 'turtlebot3_gazebo' build argument 'cmake_force_configure' from command line to 'False'
[0.842s] Level 5:colcon.colcon_core.verb:set package 'turtlebot3_gazebo' build argument 'ament_cmake_args' from command line to 'None'
[0.842s] Level 5:colcon.colcon_core.verb:set package 'turtlebot3_gazebo' build argument 'catkin_cmake_args' from command line to 'None'
[0.843s] Level 5:colcon.colcon_core.verb:set package 'turtlebot3_gazebo' build argument 'catkin_skip_building_tests' from command line to 'False'
[0.843s] DEBUG:colcon.colcon_core.verb:Building package 'turtlebot3_gazebo' with the following arguments: {'ament_cmake_args': None, 'build_base': '/home/shiva/Documents/proj_wrkspace/build/turtlebot3_gazebo', 'catkin_cmake_args': None, 'catkin_skip_building_tests': False, 'cmake_args': None, 'cmake_clean_cache': False, 'cmake_clean_first': False, 'cmake_force_configure': False, 'cmake_target': None, 'cmake_target_skip_unavailable': False, 'install_base': '/home/shiva/Documents/proj_wrkspace/install/turtlebot3_gazebo', 'merge_install': False, 'path': '/home/shiva/Documents/proj_wrkspace/src/turtlebot3_gazebo', 'symlink_install': False, 'test_result_base': None}
[0.845s] Level 5:colcon.colcon_core.verb:set package 'turtlebot3_simulations' build argument 'cmake_args' from command line to 'None'
[0.845s] Level 5:colcon.colcon_core.verb:set package 'turtlebot3_simulations' build argument 'cmake_target' from command line to 'None'
[0.845s] Level 5:colcon.colcon_core.verb:set package 'turtlebot3_simulations' build argument 'cmake_target_skip_unavailable' from command line to 'False'
[0.845s] Level 5:colcon.colcon_core.verb:set package 'turtlebot3_simulations' build argument 'cmake_clean_cache' from command line to 'False'
[0.845s] Level 5:colcon.colcon_core.verb:set package 'turtlebot3_simulations' build argument 'cmake_clean_first' from command line to 'False'
[0.845s] Level 5:colcon.colcon_core.verb:set package 'turtlebot3_simulations' build argument 'cmake_force_configure' from command line to 'False'
[0.845s] Level 5:colcon.colcon_core.verb:set package 'turtlebot3_simulations' build argument 'ament_cmake_args' from command line to 'None'
[0.845s] Level 5:colcon.colcon_core.verb:set package 'turtlebot3_simulations' build argument 'catkin_cmake_args' from command line to 'None'
[0.845s] Level 5:colcon.colcon_core.verb:set package 'turtlebot3_simulations' build argument 'catkin_skip_building_tests' from command line to 'False'
[0.845s] DEBUG:colcon.colcon_core.verb:Building package 'turtlebot3_simulations' with the following arguments: {'ament_cmake_args': None, 'build_base': '/home/shiva/Documents/proj_wrkspace/build/turtlebot3_simulations', 'catkin_cmake_args': None, 'catkin_skip_building_tests': False, 'cmake_args': None, 'cmake_clean_cache': False, 'cmake_clean_first': False, 'cmake_force_configure': False, 'cmake_target': None, 'cmake_target_skip_unavailable': False, 'install_base': '/home/shiva/Documents/proj_wrkspace/install/turtlebot3_simulations', 'merge_install': False, 'path': '/home/shiva/Documents/proj_wrkspace/src/turtlebot3_simulations', 'symlink_install': False, 'test_result_base': None}
[0.846s] INFO:colcon.colcon_core.executor:Executing jobs using 'parallel' executor
[0.850s] DEBUG:colcon.colcon_parallel_executor.executor.parallel:run_until_complete
[0.851s] INFO:colcon.colcon_ros.task.ament_cmake.build:Building ROS package in '/home/shiva/Documents/proj_wrkspace/src/turtlebot3_fake_node' with build type 'ament_cmake'
[0.851s] INFO:colcon.colcon_cmake.task.cmake.build:Building CMake package in '/home/shiva/Documents/proj_wrkspace/src/turtlebot3_fake_node'
[0.869s] INFO:colcon.colcon_core.plugin_system:Skipping extension 'colcon_core.shell.bat': Not used on non-Windows systems
[0.870s] INFO:colcon.colcon_core.shell:Skip shell extension 'powershell' for command environment: Not usable outside of PowerShell
[0.870s] DEBUG:colcon.colcon_core.shell:Skip shell extension 'dsv' for command environment
[0.877s] INFO:colcon.colcon_ros.task.ament_cmake.build:Building ROS package in '/home/shiva/Documents/proj_wrkspace/src/turtlebot3_gazebo' with build type 'ament_cmake'
[0.877s] INFO:colcon.colcon_cmake.task.cmake.build:Building CMake package in '/home/shiva/Documents/proj_wrkspace/src/turtlebot3_gazebo'
[0.879s] INFO:colcon.colcon_core.shell:Skip shell extension 'powershell' for command environment: Not usable outside of PowerShell
[0.879s] DEBUG:colcon.colcon_core.shell:Skip shell extension 'dsv' for command environment
[0.889s] DEBUG:colcon.colcon_core.event_handler.log_command:Invoking command in '/home/shiva/Documents/proj_wrkspace/build/turtlebot3_fake_node': CMAKE_PREFIX_PATH=${CMAKE_PREFIX_PATH}:/home/shiva/Documents/ros2_wrk_spc/install/rover:/home/shiva/Documents/ros2_wrk_spc/install/my_robo_controller:/home/shiva/Documents/ros2_wrk_spc/install/my_practise_robo:/home/shiva/Documents/ros2_wrk_spc/install/mobile_robo:/opt/ros/humble /usr/bin/cmake --build /home/shiva/Documents/proj_wrkspace/build/turtlebot3_fake_node -- -j8 -l8
[0.907s] DEBUG:colcon.colcon_core.event_handler.log_command:Invoking command in '/home/shiva/Documents/proj_wrkspace/build/turtlebot3_gazebo': CMAKE_PREFIX_PATH=${CMAKE_PREFIX_PATH}:/home/shiva/Documents/ros2_wrk_spc/install/rover:/home/shiva/Documents/ros2_wrk_spc/install/my_robo_controller:/home/shiva/Documents/ros2_wrk_spc/install/my_practise_robo:/home/shiva/Documents/ros2_wrk_spc/install/mobile_robo:/opt/ros/humble /usr/bin/cmake --build /home/shiva/Documents/proj_wrkspace/build/turtlebot3_gazebo -- -j8 -l8
[1.072s] DEBUG:colcon.colcon_core.event_handler.log_command:Invoked command in '/home/shiva/Documents/proj_wrkspace/build/turtlebot3_fake_node' returned '0': CMAKE_PREFIX_PATH=${CMAKE_PREFIX_PATH}:/home/shiva/Documents/ros2_wrk_spc/install/rover:/home/shiva/Documents/ros2_wrk_spc/install/my_robo_controller:/home/shiva/Documents/ros2_wrk_spc/install/my_practise_robo:/home/shiva/Documents/ros2_wrk_spc/install/mobile_robo:/opt/ros/humble /usr/bin/cmake --build /home/shiva/Documents/proj_wrkspace/build/turtlebot3_fake_node -- -j8 -l8
[1.126s] DEBUG:colcon.colcon_core.event_handler.log_command:Invoking command in '/home/shiva/Documents/proj_wrkspace/build/turtlebot3_fake_node': CMAKE_PREFIX_PATH=${CMAKE_PREFIX_PATH}:/home/shiva/Documents/ros2_wrk_spc/install/rover:/home/shiva/Documents/ros2_wrk_spc/install/my_robo_controller:/home/shiva/Documents/ros2_wrk_spc/install/my_practise_robo:/home/shiva/Documents/ros2_wrk_spc/install/mobile_robo:/opt/ros/humble /usr/bin/cmake --install /home/shiva/Documents/proj_wrkspace/build/turtlebot3_fake_node
[1.150s] Level 1:colcon.colcon_core.environment:create_environment_scripts_only(turtlebot3_fake_node)
[1.151s] DEBUG:colcon.colcon_core.event_handler.log_command:Invoked command in '/home/shiva/Documents/proj_wrkspace/build/turtlebot3_fake_node' returned '0': CMAKE_PREFIX_PATH=${CMAKE_PREFIX_PATH}:/home/shiva/Documents/ros2_wrk_spc/install/rover:/home/shiva/Documents/ros2_wrk_spc/install/my_robo_controller:/home/shiva/Documents/ros2_wrk_spc/install/my_practise_robo:/home/shiva/Documents/ros2_wrk_spc/install/mobile_robo:/opt/ros/humble /usr/bin/cmake --install /home/shiva/Documents/proj_wrkspace/build/turtlebot3_fake_node
[1.157s] Level 1:colcon.colcon_core.environment:checking '/home/shiva/Documents/proj_wrkspace/install/turtlebot3_fake_node' for CMake module files
[1.158s] Level 1:colcon.colcon_core.environment:checking '/home/shiva/Documents/proj_wrkspace/install/turtlebot3_fake_node' for CMake config files
[1.158s] Level 1:colcon.colcon_core.shell:create_environment_hook('turtlebot3_fake_node', 'cmake_prefix_path')
[1.159s] INFO:colcon.colcon_core.shell:Creating environment hook '/home/shiva/Documents/proj_wrkspace/install/turtlebot3_fake_node/share/turtlebot3_fake_node/hook/cmake_prefix_path.ps1'
[1.160s] INFO:colcon.colcon_core.shell:Creating environment descriptor '/home/shiva/Documents/proj_wrkspace/install/turtlebot3_fake_node/share/turtlebot3_fake_node/hook/cmake_prefix_path.dsv'
[1.160s] INFO:colcon.colcon_core.shell:Creating environment hook '/home/shiva/Documents/proj_wrkspace/install/turtlebot3_fake_node/share/turtlebot3_fake_node/hook/cmake_prefix_path.sh'
[1.161s] Level 1:colcon.colcon_core.environment:checking '/home/shiva/Documents/proj_wrkspace/install/turtlebot3_fake_node/lib'
[1.161s] Level 1:colcon.colcon_core.environment:checking '/home/shiva/Documents/proj_wrkspace/install/turtlebot3_fake_node/bin'
[1.161s] Level 1:colcon.colcon_core.environment:checking '/home/shiva/Documents/proj_wrkspace/install/turtlebot3_fake_node/lib/pkgconfig/turtlebot3_fake_node.pc'
[1.161s] Level 1:colcon.colcon_core.environment:checking '/home/shiva/Documents/proj_wrkspace/install/turtlebot3_fake_node/lib/python3.10/site-packages'
[1.161s] Level 1:colcon.colcon_core.environment:checking '/home/shiva/Documents/proj_wrkspace/install/turtlebot3_fake_node/bin'
[1.163s] INFO:colcon.colcon_core.shell:Creating package script '/home/shiva/Documents/proj_wrkspace/install/turtlebot3_fake_node/share/turtlebot3_fake_node/package.ps1'
[1.168s] INFO:colcon.colcon_core.shell:Creating package descriptor '/home/shiva/Documents/proj_wrkspace/install/turtlebot3_fake_node/share/turtlebot3_fake_node/package.dsv'
[1.173s] INFO:colcon.colcon_core.shell:Creating package script '/home/shiva/Documents/proj_wrkspace/install/turtlebot3_fake_node/share/turtlebot3_fake_node/package.sh'
[1.174s] INFO:colcon.colcon_core.shell:Creating package script '/home/shiva/Documents/proj_wrkspace/install/turtlebot3_fake_node/share/turtlebot3_fake_node/package.bash'
[1.174s] INFO:colcon.colcon_core.shell:Creating package script '/home/shiva/Documents/proj_wrkspace/install/turtlebot3_fake_node/share/turtlebot3_fake_node/package.zsh'
[1.175s] Level 1:colcon.colcon_core.environment:create_file_with_runtime_dependencies(/home/shiva/Documents/proj_wrkspace/install/turtlebot3_fake_node/share/colcon-core/packages/turtlebot3_fake_node)
[1.177s] DEBUG:colcon.colcon_core.event_handler.log_command:Invoked command in '/home/shiva/Documents/proj_wrkspace/build/turtlebot3_gazebo' returned '0': CMAKE_PREFIX_PATH=${CMAKE_PREFIX_PATH}:/home/shiva/Documents/ros2_wrk_spc/install/rover:/home/shiva/Documents/ros2_wrk_spc/install/my_robo_controller:/home/shiva/Documents/ros2_wrk_spc/install/my_practise_robo:/home/shiva/Documents/ros2_wrk_spc/install/mobile_robo:/opt/ros/humble /usr/bin/cmake --build /home/shiva/Documents/proj_wrkspace/build/turtlebot3_gazebo -- -j8 -l8
[1.202s] Level 1:colcon.colcon_core.environment:create_environment_scripts_only(turtlebot3_fake_node)
[1.205s] Level 1:colcon.colcon_core.environment:checking '/home/shiva/Documents/proj_wrkspace/install/turtlebot3_fake_node' for CMake module files
[1.206s] Level 1:colcon.colcon_core.environment:checking '/home/shiva/Documents/proj_wrkspace/install/turtlebot3_fake_node' for CMake config files
[1.206s] Level 1:colcon.colcon_core.shell:create_environment_hook('turtlebot3_fake_node', 'cmake_prefix_path')
[1.217s] INFO:colcon.colcon_core.shell:Creating environment hook '/home/shiva/Documents/proj_wrkspace/install/turtlebot3_fake_node/share/turtlebot3_fake_node/hook/cmake_prefix_path.ps1'
[1.222s] INFO:colcon.colcon_core.shell:Creating environment descriptor '/home/shiva/Documents/proj_wrkspace/install/turtlebot3_fake_node/share/turtlebot3_fake_node/hook/cmake_prefix_path.dsv'
[1.223s] INFO:colcon.colcon_core.shell:Creating environment hook '/home/shiva/Documents/proj_wrkspace/install/turtlebot3_fake_node/share/turtlebot3_fake_node/hook/cmake_prefix_path.sh'
[1.223s] Level 1:colcon.colcon_core.environment:checking '/home/shiva/Documents/proj_wrkspace/install/turtlebot3_fake_node/lib'
[1.223s] Level 1:colcon.colcon_core.environment:checking '/home/shiva/Documents/proj_wrkspace/install/turtlebot3_fake_node/bin'
[1.223s] Level 1:colcon.colcon_core.environment:checking '/home/shiva/Documents/proj_wrkspace/install/turtlebot3_fake_node/lib/pkgconfig/turtlebot3_fake_node.pc'
[1.224s] Level 1:colcon.colcon_core.environment:checking '/home/shiva/Documents/proj_wrkspace/install/turtlebot3_fake_node/lib/python3.10/site-packages'
[1.224s] Level 1:colcon.colcon_core.environment:checking '/home/shiva/Documents/proj_wrkspace/install/turtlebot3_fake_node/bin'
[1.226s] INFO:colcon.colcon_core.shell:Creating package script '/home/shiva/Documents/proj_wrkspace/install/turtlebot3_fake_node/share/turtlebot3_fake_node/package.ps1'
[1.227s] INFO:colcon.colcon_core.shell:Creating package descriptor '/home/shiva/Documents/proj_wrkspace/install/turtlebot3_fake_node/share/turtlebot3_fake_node/package.dsv'
[1.227s] INFO:colcon.colcon_core.shell:Creating package script '/home/shiva/Documents/proj_wrkspace/install/turtlebot3_fake_node/share/turtlebot3_fake_node/package.sh'
[1.228s] INFO:colcon.colcon_core.shell:Creating package script '/home/shiva/Documents/proj_wrkspace/install/turtlebot3_fake_node/share/turtlebot3_fake_node/package.bash'
[1.229s] INFO:colcon.colcon_core.shell:Creating package script '/home/shiva/Documents/proj_wrkspace/install/turtlebot3_fake_node/share/turtlebot3_fake_node/package.zsh'
[1.229s] Level 1:colcon.colcon_core.environment:create_file_with_runtime_dependencies(/home/shiva/Documents/proj_wrkspace/install/turtlebot3_fake_node/share/colcon-core/packages/turtlebot3_fake_node)
[1.233s] DEBUG:colcon.colcon_core.event_handler.log_command:Invoking command in '/home/shiva/Documents/proj_wrkspace/build/turtlebot3_gazebo': CMAKE_PREFIX_PATH=${CMAKE_PREFIX_PATH}:/home/shiva/Documents/ros2_wrk_spc/install/rover:/home/shiva/Documents/ros2_wrk_spc/install/my_robo_controller:/home/shiva/Documents/ros2_wrk_spc/install/my_practise_robo:/home/shiva/Documents/ros2_wrk_spc/install/mobile_robo:/opt/ros/humble /usr/bin/cmake --install /home/shiva/Documents/proj_wrkspace/build/turtlebot3_gazebo
[1.257s] Level 1:colcon.colcon_core.environment:create_environment_scripts_only(turtlebot3_gazebo)
[1.259s] Level 1:colcon.colcon_core.environment:checking '/home/shiva/Documents/proj_wrkspace/install/turtlebot3_gazebo' for CMake module files
[1.260s] Level 1:colcon.colcon_core.environment:checking '/home/shiva/Documents/proj_wrkspace/install/turtlebot3_gazebo' for CMake config files
[1.261s] Level 1:colcon.colcon_core.shell:create_environment_hook('turtlebot3_gazebo', 'cmake_prefix_path')
[1.262s] INFO:colcon.colcon_core.shell:Creating environment hook '/home/shiva/Documents/proj_wrkspace/install/turtlebot3_gazebo/share/turtlebot3_gazebo/hook/cmake_prefix_path.ps1'
[1.264s] INFO:colcon.colcon_core.shell:Creating environment descriptor '/home/shiva/Documents/proj_wrkspace/install/turtlebot3_gazebo/share/turtlebot3_gazebo/hook/cmake_prefix_path.dsv'
[1.265s] INFO:colcon.colcon_core.shell:Creating environment hook '/home/shiva/Documents/proj_wrkspace/install/turtlebot3_gazebo/share/turtlebot3_gazebo/hook/cmake_prefix_path.sh'
[1.265s] Level 1:colcon.colcon_core.environment:checking '/home/shiva/Documents/proj_wrkspace/install/turtlebot3_gazebo/lib'
[1.266s] Level 1:colcon.colcon_core.environment:checking '/home/shiva/Documents/proj_wrkspace/install/turtlebot3_gazebo/bin'
[1.266s] Level 1:colcon.colcon_core.environment:checking '/home/shiva/Documents/proj_wrkspace/install/turtlebot3_gazebo/lib/pkgconfig/turtlebot3_gazebo.pc'
[1.266s] Level 1:colcon.colcon_core.environment:checking '/home/shiva/Documents/proj_wrkspace/install/turtlebot3_gazebo/lib/python3.10/site-packages'
[1.267s] Level 1:colcon.colcon_core.environment:checking '/home/shiva/Documents/proj_wrkspace/install/turtlebot3_gazebo/bin'
[1.270s] INFO:colcon.colcon_core.shell:Creating package script '/home/shiva/Documents/proj_wrkspace/install/turtlebot3_gazebo/share/turtlebot3_gazebo/package.ps1'
[1.271s] INFO:colcon.colcon_core.shell:Creating package descriptor '/home/shiva/Documents/proj_wrkspace/install/turtlebot3_gazebo/share/turtlebot3_gazebo/package.dsv'
[1.271s] DEBUG:colcon.colcon_core.event_handler.log_command:Invoked command in '/home/shiva/Documents/proj_wrkspace/build/turtlebot3_gazebo' returned '0': CMAKE_PREFIX_PATH=${CMAKE_PREFIX_PATH}:/home/shiva/Documents/ros2_wrk_spc/install/rover:/home/shiva/Documents/ros2_wrk_spc/install/my_robo_controller:/home/shiva/Documents/ros2_wrk_spc/install/my_practise_robo:/home/shiva/Documents/ros2_wrk_spc/install/mobile_robo:/opt/ros/humble /usr/bin/cmake --install /home/shiva/Documents/proj_wrkspace/build/turtlebot3_gazebo
[1.271s] INFO:colcon.colcon_core.shell:Creating package script '/home/shiva/Documents/proj_wrkspace/install/turtlebot3_gazebo/share/turtlebot3_gazebo/package.sh'
[1.272s] INFO:colcon.colcon_core.shell:Creating package script '/home/shiva/Documents/proj_wrkspace/install/turtlebot3_gazebo/share/turtlebot3_gazebo/package.bash'
[1.272s] INFO:colcon.colcon_core.shell:Creating package script '/home/shiva/Documents/proj_wrkspace/install/turtlebot3_gazebo/share/turtlebot3_gazebo/package.zsh'
[1.272s] Level 1:colcon.colcon_core.environment:create_file_with_runtime_dependencies(/home/shiva/Documents/proj_wrkspace/install/turtlebot3_gazebo/share/colcon-core/packages/turtlebot3_gazebo)
[1.320s] Level 1:colcon.colcon_core.environment:create_environment_scripts_only(turtlebot3_gazebo)
[1.324s] Level 1:colcon.colcon_core.environment:checking '/home/shiva/Documents/proj_wrkspace/install/turtlebot3_gazebo' for CMake module files
[1.324s] Level 1:colcon.colcon_core.environment:checking '/home/shiva/Documents/proj_wrkspace/install/turtlebot3_gazebo' for CMake config files
[1.325s] Level 1:colcon.colcon_core.shell:create_environment_hook('turtlebot3_gazebo', 'cmake_prefix_path')
[1.329s] INFO:colcon.colcon_core.shell:Creating environment hook '/home/shiva/Documents/proj_wrkspace/install/turtlebot3_gazebo/share/turtlebot3_gazebo/hook/cmake_prefix_path.ps1'
[1.330s] INFO:colcon.colcon_core.shell:Creating environment descriptor '/home/shiva/Documents/proj_wrkspace/install/turtlebot3_gazebo/share/turtlebot3_gazebo/hook/cmake_prefix_path.dsv'
[1.330s] INFO:colcon.colcon_core.shell:Creating environment hook '/home/shiva/Documents/proj_wrkspace/install/turtlebot3_gazebo/share/turtlebot3_gazebo/hook/cmake_prefix_path.sh'
[1.331s] Level 1:colcon.colcon_core.environment:checking '/home/shiva/Documents/proj_wrkspace/install/turtlebot3_gazebo/lib'
[1.331s] Level 1:colcon.colcon_core.environment:checking '/home/shiva/Documents/proj_wrkspace/install/turtlebot3_gazebo/bin'
[1.331s] Level 1:colcon.colcon_core.environment:checking '/home/shiva/Documents/proj_wrkspace/install/turtlebot3_gazebo/lib/pkgconfig/turtlebot3_gazebo.pc'
[1.331s] Level 1:colcon.colcon_core.environment:checking '/home/shiva/Documents/proj_wrkspace/install/turtlebot3_gazebo/lib/python3.10/site-packages'
[1.331s] Level 1:colcon.colcon_core.environment:checking '/home/shiva/Documents/proj_wrkspace/install/turtlebot3_gazebo/bin'
[1.333s] INFO:colcon.colcon_core.shell:Creating package script '/home/shiva/Documents/proj_wrkspace/install/turtlebot3_gazebo/share/turtlebot3_gazebo/package.ps1'
[1.334s] INFO:colcon.colcon_core.shell:Creating package descriptor '/home/shiva/Documents/proj_wrkspace/install/turtlebot3_gazebo/share/turtlebot3_gazebo/package.dsv'
[1.334s] INFO:colcon.colcon_core.shell:Creating package script '/home/shiva/Documents/proj_wrkspace/install/turtlebot3_gazebo/share/turtlebot3_gazebo/package.sh'
[1.335s] INFO:colcon.colcon_core.shell:Creating package script '/home/shiva/Documents/proj_wrkspace/install/turtlebot3_gazebo/share/turtlebot3_gazebo/package.bash'
[1.335s] INFO:colcon.colcon_core.shell:Creating package script '/home/shiva/Documents/proj_wrkspace/install/turtlebot3_gazebo/share/turtlebot3_gazebo/package.zsh'
[1.335s] Level 1:colcon.colcon_core.environment:create_file_with_runtime_dependencies(/home/shiva/Documents/proj_wrkspace/install/turtlebot3_gazebo/share/colcon-core/packages/turtlebot3_gazebo)
[1.336s] INFO:colcon.colcon_ros.task.ament_cmake.build:Building ROS package in '/home/shiva/Documents/proj_wrkspace/src/turtlebot3_simulations' with build type 'ament_cmake'
[1.336s] INFO:colcon.colcon_cmake.task.cmake.build:Building CMake package in '/home/shiva/Documents/proj_wrkspace/src/turtlebot3_simulations'
[1.337s] INFO:colcon.colcon_core.shell:Skip shell extension 'powershell' for command environment: Not usable outside of PowerShell
[1.338s] DEBUG:colcon.colcon_core.shell:Skip shell extension 'dsv' for command environment
[1.363s] DEBUG:colcon.colcon_core.event_handler.log_command:Invoking command in '/home/shiva/Documents/proj_wrkspace/build/turtlebot3_simulations': CMAKE_PREFIX_PATH=/home/shiva/Documents/proj_wrkspace/install/turtlebot3_gazebo:/home/shiva/Documents/proj_wrkspace/install/turtlebot3_fake_node:/home/shiva/Documents/proj_wrkspace/install/turtlebot3_simulations:/home/shiva/Documents/ros2_wrk_spc/install/rover:/home/shiva/Documents/ros2_wrk_spc/install/my_robo_controller:/home/shiva/Documents/ros2_wrk_spc/install/my_practise_robo:/home/shiva/Documents/ros2_wrk_spc/install/mobile_robo:/opt/ros/humble /usr/bin/cmake --build /home/shiva/Documents/proj_wrkspace/build/turtlebot3_simulations -- -j8 -l8
[1.413s] DEBUG:colcon.colcon_core.event_handler.log_command:Invoked command in '/home/shiva/Documents/proj_wrkspace/build/turtlebot3_simulations' returned '0': CMAKE_PREFIX_PATH=/home/shiva/Documents/proj_wrkspace/install/turtlebot3_gazebo:/home/shiva/Documents/proj_wrkspace/install/turtlebot3_fake_node:/home/shiva/Documents/proj_wrkspace/install/turtlebot3_simulations:/home/shiva/Documents/ros2_wrk_spc/install/rover:/home/shiva/Documents/ros2_wrk_spc/install/my_robo_controller:/home/shiva/Documents/ros2_wrk_spc/install/my_practise_robo:/home/shiva/Documents/ros2_wrk_spc/install/mobile_robo:/opt/ros/humble /usr/bin/cmake --build /home/shiva/Documents/proj_wrkspace/build/turtlebot3_simulations -- -j8 -l8
[1.445s] DEBUG:colcon.colcon_core.event_handler.log_command:Invoking command in '/home/shiva/Documents/proj_wrkspace/build/turtlebot3_simulations': CMAKE_PREFIX_PATH=/home/shiva/Documents/proj_wrkspace/install/turtlebot3_gazebo:/home/shiva/Documents/proj_wrkspace/install/turtlebot3_fake_node:/home/shiva/Documents/proj_wrkspace/install/turtlebot3_simulations:/home/shiva/Documents/ros2_wrk_spc/install/rover:/home/shiva/Documents/ros2_wrk_spc/install/my_robo_controller:/home/shiva/Documents/ros2_wrk_spc/install/my_practise_robo:/home/shiva/Documents/ros2_wrk_spc/install/mobile_robo:/opt/ros/humble /usr/bin/cmake --install /home/shiva/Documents/proj_wrkspace/build/turtlebot3_simulations
[1.464s] Level 1:colcon.colcon_core.environment:create_environment_scripts_only(turtlebot3_simulations)
[1.470s] Level 1:colcon.colcon_core.environment:checking '/home/shiva/Documents/proj_wrkspace/install/turtlebot3_simulations' for CMake module files
[1.471s] DEBUG:colcon.colcon_core.event_handler.log_command:Invoked command in '/home/shiva/Documents/proj_wrkspace/build/turtlebot3_simulations' returned '0': CMAKE_PREFIX_PATH=/home/shiva/Documents/proj_wrkspace/install/turtlebot3_gazebo:/home/shiva/Documents/proj_wrkspace/install/turtlebot3_fake_node:/home/shiva/Documents/proj_wrkspace/install/turtlebot3_simulations:/home/shiva/Documents/ros2_wrk_spc/install/rover:/home/shiva/Documents/ros2_wrk_spc/install/my_robo_controller:/home/shiva/Documents/ros2_wrk_spc/install/my_practise_robo:/home/shiva/Documents/ros2_wrk_spc/install/mobile_robo:/opt/ros/humble /usr/bin/cmake --install /home/shiva/Documents/proj_wrkspace/build/turtlebot3_simulations
[1.471s] Level 1:colcon.colcon_core.environment:checking '/home/shiva/Documents/proj_wrkspace/install/turtlebot3_simulations' for CMake config files
[1.471s] Level 1:colcon.colcon_core.shell:create_environment_hook('turtlebot3_simulations', 'cmake_prefix_path')
[1.473s] INFO:colcon.colcon_core.shell:Creating environment hook '/home/shiva/Documents/proj_wrkspace/install/turtlebot3_simulations/share/turtlebot3_simulations/hook/cmake_prefix_path.ps1'
[1.474s] INFO:colcon.colcon_core.shell:Creating environment descriptor '/home/shiva/Documents/proj_wrkspace/install/turtlebot3_simulations/share/turtlebot3_simulations/hook/cmake_prefix_path.dsv'
[1.474s] INFO:colcon.colcon_core.shell:Creating environment hook '/home/shiva/Documents/proj_wrkspace/install/turtlebot3_simulations/share/turtlebot3_simulations/hook/cmake_prefix_path.sh'
[1.475s] Level 1:colcon.colcon_core.environment:checking '/home/shiva/Documents/proj_wrkspace/install/turtlebot3_simulations/bin'
[1.475s] Level 1:colcon.colcon_core.environment:checking '/home/shiva/Documents/proj_wrkspace/install/turtlebot3_simulations/lib/pkgconfig/turtlebot3_simulations.pc'
[1.475s] Level 1:colcon.colcon_core.environment:checking '/home/shiva/Documents/proj_wrkspace/install/turtlebot3_simulations/lib/python3.10/site-packages'
[1.475s] Level 1:colcon.colcon_core.environment:checking '/home/shiva/Documents/proj_wrkspace/install/turtlebot3_simulations/bin'
[1.477s] INFO:colcon.colcon_core.shell:Creating package script '/home/shiva/Documents/proj_wrkspace/install/turtlebot3_simulations/share/turtlebot3_simulations/package.ps1'
[1.477s] INFO:colcon.colcon_core.shell:Creating package descriptor '/home/shiva/Documents/proj_wrkspace/install/turtlebot3_simulations/share/turtlebot3_simulations/package.dsv'
[1.477s] INFO:colcon.colcon_core.shell:Creating package script '/home/shiva/Documents/proj_wrkspace/install/turtlebot3_simulations/share/turtlebot3_simulations/package.sh'
[1.478s] INFO:colcon.colcon_core.shell:Creating package script '/home/shiva/Documents/proj_wrkspace/install/turtlebot3_simulations/share/turtlebot3_simulations/package.bash'
[1.478s] INFO:colcon.colcon_core.shell:Creating package script '/home/shiva/Documents/proj_wrkspace/install/turtlebot3_simulations/share/turtlebot3_simulations/package.zsh'
[1.478s] Level 1:colcon.colcon_core.environment:create_file_with_runtime_dependencies(/home/shiva/Documents/proj_wrkspace/install/turtlebot3_simulations/share/colcon-core/packages/turtlebot3_simulations)
[1.511s] Level 1:colcon.colcon_core.environment:create_environment_scripts_only(turtlebot3_simulations)
[1.513s] Level 1:colcon.colcon_core.environment:checking '/home/shiva/Documents/proj_wrkspace/install/turtlebot3_simulations' for CMake module files
[1.513s] Level 1:colcon.colcon_core.environment:checking '/home/shiva/Documents/proj_wrkspace/install/turtlebot3_simulations' for CMake config files
[1.513s] Level 1:colcon.colcon_core.shell:create_environment_hook('turtlebot3_simulations', 'cmake_prefix_path')
[1.514s] INFO:colcon.colcon_core.shell:Creating environment hook '/home/shiva/Documents/proj_wrkspace/install/turtlebot3_simulations/share/turtlebot3_simulations/hook/cmake_prefix_path.ps1'
[1.515s] INFO:colcon.colcon_core.shell:Creating environment descriptor '/home/shiva/Documents/proj_wrkspace/install/turtlebot3_simulations/share/turtlebot3_simulations/hook/cmake_prefix_path.dsv'
[1.515s] INFO:colcon.colcon_core.shell:Creating environment hook '/home/shiva/Documents/proj_wrkspace/install/turtlebot3_simulations/share/turtlebot3_simulations/hook/cmake_prefix_path.sh'
[1.516s] Level 1:colcon.colcon_core.environment:checking '/home/shiva/Documents/proj_wrkspace/install/turtlebot3_simulations/bin'
[1.516s] Level 1:colcon.colcon_core.environment:checking '/home/shiva/Documents/proj_wrkspace/install/turtlebot3_simulations/lib/pkgconfig/turtlebot3_simulations.pc'
[1.516s] Level 1:colcon.colcon_core.environment:checking '/home/shiva/Documents/proj_wrkspace/install/turtlebot3_simulations/lib/python3.10/site-packages'
[1.516s] Level 1:colcon.colcon_core.environment:checking '/home/shiva/Documents/proj_wrkspace/install/turtlebot3_simulations/bin'
[1.517s] INFO:colcon.colcon_core.shell:Creating package script '/home/shiva/Documents/proj_wrkspace/install/turtlebot3_simulations/share/turtlebot3_simulations/package.ps1'
[1.518s] INFO:colcon.colcon_core.shell:Creating package descriptor '/home/shiva/Documents/proj_wrkspace/install/turtlebot3_simulations/share/turtlebot3_simulations/package.dsv'
[1.518s] INFO:colcon.colcon_core.shell:Creating package script '/home/shiva/Documents/proj_wrkspace/install/turtlebot3_simulations/share/turtlebot3_simulations/package.sh'
[1.519s] INFO:colcon.colcon_core.shell:Creating package script '/home/shiva/Documents/proj_wrkspace/install/turtlebot3_simulations/share/turtlebot3_simulations/package.bash'
[1.519s] INFO:colcon.colcon_core.shell:Creating package script '/home/shiva/Documents/proj_wrkspace/install/turtlebot3_simulations/share/turtlebot3_simulations/package.zsh'
[1.519s] Level 1:colcon.colcon_core.environment:create_file_with_runtime_dependencies(/home/shiva/Documents/proj_wrkspace/install/turtlebot3_simulations/share/colcon-core/packages/turtlebot3_simulations)
[1.520s] DEBUG:colcon.colcon_parallel_executor.executor.parallel:closing loop
[1.520s] DEBUG:colcon.colcon_parallel_executor.executor.parallel:loop closed
[1.520s] DEBUG:colcon.colcon_parallel_executor.executor.parallel:run_until_complete finished with '0'
[1.520s] DEBUG:colcon.colcon_core.event_reactor:joining thread
[1.525s] INFO:colcon.colcon_core.plugin_system:Skipping extension 'colcon_notification.desktop_notification.terminal_notifier': Not used on non-Darwin systems
[1.525s] INFO:colcon.colcon_core.plugin_system:Skipping extension 'colcon_notification.desktop_notification.win32': Not used on non-Windows systems
[1.525s] INFO:colcon.colcon_notification.desktop_notification:Sending desktop notification using 'notify2'
[1.554s] DEBUG:colcon.colcon_core.event_reactor:joined thread
[1.556s] INFO:colcon.colcon_core.shell:Creating prefix script '/home/shiva/Documents/proj_wrkspace/install/local_setup.ps1'
[1.557s] INFO:colcon.colcon_core.shell:Creating prefix util module '/home/shiva/Documents/proj_wrkspace/install/_local_setup_util_ps1.py'
[1.560s] INFO:colcon.colcon_core.shell:Creating prefix chain script '/home/shiva/Documents/proj_wrkspace/install/setup.ps1'
[1.562s] INFO:colcon.colcon_core.shell:Creating prefix script '/home/shiva/Documents/proj_wrkspace/install/local_setup.sh'
[1.564s] INFO:colcon.colcon_core.shell:Creating prefix util module '/home/shiva/Documents/proj_wrkspace/install/_local_setup_util_sh.py'
[1.565s] INFO:colcon.colcon_core.shell:Creating prefix chain script '/home/shiva/Documents/proj_wrkspace/install/setup.sh'
[1.568s] INFO:colcon.colcon_core.shell:Creating prefix script '/home/shiva/Documents/proj_wrkspace/install/local_setup.bash'
[1.569s] INFO:colcon.colcon_core.shell:Creating prefix chain script '/home/shiva/Documents/proj_wrkspace/install/setup.bash'
[1.572s] INFO:colcon.colcon_core.shell:Creating prefix script '/home/shiva/Documents/proj_wrkspace/install/local_setup.zsh'
[1.572s] INFO:colcon.colcon_core.shell:Creating prefix chain script '/home/shiva/Documents/proj_wrkspace/install/setup.zsh'
