[0.700s] DEBUG:colcon:Command line arguments: ['/usr/bin/colcon', 'list', '-p', '--base-paths', '/home/shiva/Documents/proj_wrkspace']
[0.700s] DEBUG:colcon:Parsed command line arguments: Namespace(log_base=None, log_level=None, verb_name='list', build_base='build', ignore_user_meta=False, metas=['./colcon.meta'], base_paths=['/home/shiva/Documents/proj_wrkspace'], packages_ignore=None, packages_ignore_regex=None, paths=None, packages_up_to=None, packages_up_to_regex=None, packages_above=None, packages_above_and_dependencies=None, packages_above_depth=None, packages_select_by_dep=None, packages_skip_by_dep=None, packages_skip_up_to=None, packages_select_build_failed=False, packages_skip_build_finished=False, packages_select_test_failures=False, packages_skip_test_passed=False, packages_select=None, packages_skip=None, packages_select_regex=None, packages_skip_regex=None, packages_start=None, packages_end=None, allow_overriding=[], topological_order=False, names_only=False, paths_only=True, topological_graph=False, topological_graph_dot=False, topological_graph_density=False, topological_graph_legend=False, topological_graph_dot_cluster=False, topological_graph_dot_include_skipped=False, verb_parser=<colcon_defaults.argument_parser.defaults.DefaultArgumentsDecorator object at 0x7f7f78663dc0>, verb_extension=<colcon_package_information.verb.list.ListVerb object at 0x7f7f785e88e0>, main=<bound method ListVerb.main of <colcon_package_information.verb.list.ListVerb object at 0x7f7f785e88e0>>)
[0.790s] Level 1:colcon.colcon_core.package_discovery:discover_packages(colcon_meta) check parameters
[0.790s] Level 1:colcon.colcon_core.package_discovery:discover_packages(recursive) check parameters
[0.790s] Level 1:colcon.colcon_core.package_discovery:discover_packages(ignore) check parameters
[0.790s] Level 1:colcon.colcon_core.package_discovery:discover_packages(path) check parameters
[0.790s] Level 1:colcon.colcon_core.package_discovery:discover_packages(recursive) discover
[0.790s] INFO:colcon.colcon_core.package_discovery:Crawling recursively for packages in '/home/shiva/Documents/proj_wrkspace'
[0.791s] Level 1:colcon.colcon_core.package_identification:_identify(/home/shiva/Documents/proj_wrkspace) by extensions ['ignore', 'ignore_ament_install']
[0.791s] Level 1:colcon.colcon_core.package_identification:_identify(/home/shiva/Documents/proj_wrkspace) by extension 'ignore'
[0.791s] Level 1:colcon.colcon_core.package_identification:_identify(/home/shiva/Documents/proj_wrkspace) by extension 'ignore_ament_install'
[0.791s] Level 1:colcon.colcon_core.package_identification:_identify(/home/shiva/Documents/proj_wrkspace) by extensions ['colcon_pkg']
[0.791s] Level 1:colcon.colcon_core.package_identification:_identify(/home/shiva/Documents/proj_wrkspace) by extension 'colcon_pkg'
[0.791s] Level 1:colcon.colcon_core.package_identification:_identify(/home/shiva/Documents/proj_wrkspace) by extensions ['colcon_meta']
[0.791s] Level 1:colcon.colcon_core.package_identification:_identify(/home/shiva/Documents/proj_wrkspace) by extension 'colcon_meta'
[0.791s] Level 1:colcon.colcon_core.package_identification:_identify(/home/shiva/Documents/proj_wrkspace) by extensions ['ros']
[0.792s] Level 1:colcon.colcon_core.package_identification:_identify(/home/shiva/Documents/proj_wrkspace) by extension 'ros'
[0.815s] Level 1:colcon.colcon_core.package_identification:_identify(/home/shiva/Documents/proj_wrkspace) by extensions ['cmake', 'python']
[0.815s] Level 1:colcon.colcon_core.package_identification:_identify(/home/shiva/Documents/proj_wrkspace) by extension 'cmake'
[0.815s] Level 1:colcon.colcon_core.package_identification:_identify(/home/shiva/Documents/proj_wrkspace) by extension 'python'
[0.815s] Level 1:colcon.colcon_core.package_identification:_identify(/home/shiva/Documents/proj_wrkspace) by extensions ['python_setup_py']
[0.816s] Level 1:colcon.colcon_core.package_identification:_identify(/home/shiva/Documents/proj_wrkspace) by extension 'python_setup_py'
[0.816s] Level 1:colcon.colcon_core.package_identification:_identify(/home/shiva/Documents/proj_wrkspace/build) by extensions ['ignore', 'ignore_ament_install']
[0.816s] Level 1:colcon.colcon_core.package_identification:_identify(/home/shiva/Documents/proj_wrkspace/build) by extension 'ignore'
[0.816s] Level 1:colcon.colcon_core.package_identification:_identify(/home/shiva/Documents/proj_wrkspace/build) ignored
[0.816s] Level 1:colcon.colcon_core.package_identification:_identify(/home/shiva/Documents/proj_wrkspace/install) by extensions ['ignore', 'ignore_ament_install']
[0.816s] Level 1:colcon.colcon_core.package_identification:_identify(/home/shiva/Documents/proj_wrkspace/install) by extension 'ignore'
[0.817s] Level 1:colcon.colcon_core.package_identification:_identify(/home/shiva/Documents/proj_wrkspace/install) ignored
[0.817s] Level 1:colcon.colcon_core.package_identification:_identify(/home/shiva/Documents/proj_wrkspace/log) by extensions ['ignore', 'ignore_ament_install']
[0.817s] Level 1:colcon.colcon_core.package_identification:_identify(/home/shiva/Documents/proj_wrkspace/log) by extension 'ignore'
[0.817s] Level 1:colcon.colcon_core.package_identification:_identify(/home/shiva/Documents/proj_wrkspace/log) ignored
[0.817s] Level 1:colcon.colcon_core.package_identification:_identify(/home/shiva/Documents/proj_wrkspace/src) by extensions ['ignore', 'ignore_ament_install']
[0.817s] Level 1:colcon.colcon_core.package_identification:_identify(/home/shiva/Documents/proj_wrkspace/src) by extension 'ignore'
[0.817s] Level 1:colcon.colcon_core.package_identification:_identify(/home/shiva/Documents/proj_wrkspace/src) by extension 'ignore_ament_install'
[0.818s] Level 1:colcon.colcon_core.package_identification:_identify(/home/shiva/Documents/proj_wrkspace/src) by extensions ['colcon_pkg']
[0.818s] Level 1:colcon.colcon_core.package_identification:_identify(/home/shiva/Documents/proj_wrkspace/src) by extension 'colcon_pkg'
[0.818s] Level 1:colcon.colcon_core.package_identification:_identify(/home/shiva/Documents/proj_wrkspace/src) by extensions ['colcon_meta']
[0.818s] Level 1:colcon.colcon_core.package_identification:_identify(/home/shiva/Documents/proj_wrkspace/src) by extension 'colcon_meta'
[0.818s] Level 1:colcon.colcon_core.package_identification:_identify(/home/shiva/Documents/proj_wrkspace/src) by extensions ['ros']
[0.818s] Level 1:colcon.colcon_core.package_identification:_identify(/home/shiva/Documents/proj_wrkspace/src) by extension 'ros'
[0.818s] Level 1:colcon.colcon_core.package_identification:_identify(/home/shiva/Documents/proj_wrkspace/src) by extensions ['cmake', 'python']
[0.818s] Level 1:colcon.colcon_core.package_identification:_identify(/home/shiva/Documents/proj_wrkspace/src) by extension 'cmake'
[0.818s] Level 1:colcon.colcon_core.package_identification:_identify(/home/shiva/Documents/proj_wrkspace/src) by extension 'python'
[0.818s] Level 1:colcon.colcon_core.package_identification:_identify(/home/shiva/Documents/proj_wrkspace/src) by extensions ['python_setup_py']
[0.818s] Level 1:colcon.colcon_core.package_identification:_identify(/home/shiva/Documents/proj_wrkspace/src) by extension 'python_setup_py'
[0.819s] Level 1:colcon.colcon_core.package_identification:_identify(/home/shiva/Documents/proj_wrkspace/src/turtlebot3_fake_node) by extensions ['ignore', 'ignore_ament_install']
[0.819s] Level 1:colcon.colcon_core.package_identification:_identify(/home/shiva/Documents/proj_wrkspace/src/turtlebot3_fake_node) by extension 'ignore'
[0.819s] Level 1:colcon.colcon_core.package_identification:_identify(/home/shiva/Documents/proj_wrkspace/src/turtlebot3_fake_node) by extension 'ignore_ament_install'
[0.819s] Level 1:colcon.colcon_core.package_identification:_identify(/home/shiva/Documents/proj_wrkspace/src/turtlebot3_fake_node) by extensions ['colcon_pkg']
[0.819s] Level 1:colcon.colcon_core.package_identification:_identify(/home/shiva/Documents/proj_wrkspace/src/turtlebot3_fake_node) by extension 'colcon_pkg'
[0.819s] Level 1:colcon.colcon_core.package_identification:_identify(/home/shiva/Documents/proj_wrkspace/src/turtlebot3_fake_node) by extensions ['colcon_meta']
[0.819s] Level 1:colcon.colcon_core.package_identification:_identify(/home/shiva/Documents/proj_wrkspace/src/turtlebot3_fake_node) by extension 'colcon_meta'
[0.819s] Level 1:colcon.colcon_core.package_identification:_identify(/home/shiva/Documents/proj_wrkspace/src/turtlebot3_fake_node) by extensions ['ros']
[0.819s] Level 1:colcon.colcon_core.package_identification:_identify(/home/shiva/Documents/proj_wrkspace/src/turtlebot3_fake_node) by extension 'ros'
[0.825s] DEBUG:colcon.colcon_core.package_identification:Package '/home/shiva/Documents/proj_wrkspace/src/turtlebot3_fake_node' with type 'ros.ament_cmake' and name 'turtlebot3_fake_node'
[0.826s] Level 1:colcon.colcon_core.package_identification:_identify(/home/shiva/Documents/proj_wrkspace/src/turtlebot3_gazebo) by extensions ['ignore', 'ignore_ament_install']
[0.826s] Level 1:colcon.colcon_core.package_identification:_identify(/home/shiva/Documents/proj_wrkspace/src/turtlebot3_gazebo) by extension 'ignore'
[0.826s] Level 1:colcon.colcon_core.package_identification:_identify(/home/shiva/Documents/proj_wrkspace/src/turtlebot3_gazebo) by extension 'ignore_ament_install'
[0.826s] Level 1:colcon.colcon_core.package_identification:_identify(/home/shiva/Documents/proj_wrkspace/src/turtlebot3_gazebo) by extensions ['colcon_pkg']
[0.826s] Level 1:colcon.colcon_core.package_identification:_identify(/home/shiva/Documents/proj_wrkspace/src/turtlebot3_gazebo) by extension 'colcon_pkg'
[0.826s] Level 1:colcon.colcon_core.package_identification:_identify(/home/shiva/Documents/proj_wrkspace/src/turtlebot3_gazebo) by extensions ['colcon_meta']
[0.826s] Level 1:colcon.colcon_core.package_identification:_identify(/home/shiva/Documents/proj_wrkspace/src/turtlebot3_gazebo) by extension 'colcon_meta'
[0.827s] Level 1:colcon.colcon_core.package_identification:_identify(/home/shiva/Documents/proj_wrkspace/src/turtlebot3_gazebo) by extensions ['ros']
[0.827s] Level 1:colcon.colcon_core.package_identification:_identify(/home/shiva/Documents/proj_wrkspace/src/turtlebot3_gazebo) by extension 'ros'
[0.829s] DEBUG:colcon.colcon_core.package_identification:Package '/home/shiva/Documents/proj_wrkspace/src/turtlebot3_gazebo' with type 'ros.ament_cmake' and name 'turtlebot3_gazebo'
[0.829s] Level 1:colcon.colcon_core.package_identification:_identify(/home/shiva/Documents/proj_wrkspace/src/turtlebot3_simulations) by extensions ['ignore', 'ignore_ament_install']
[0.829s] Level 1:colcon.colcon_core.package_identification:_identify(/home/shiva/Documents/proj_wrkspace/src/turtlebot3_simulations) by extension 'ignore'
[0.829s] Level 1:colcon.colcon_core.package_identification:_identify(/home/shiva/Documents/proj_wrkspace/src/turtlebot3_simulations) by extension 'ignore_ament_install'
[0.829s] Level 1:colcon.colcon_core.package_identification:_identify(/home/shiva/Documents/proj_wrkspace/src/turtlebot3_simulations) by extensions ['colcon_pkg']
[0.829s] Level 1:colcon.colcon_core.package_identification:_identify(/home/shiva/Documents/proj_wrkspace/src/turtlebot3_simulations) by extension 'colcon_pkg'
[0.830s] Level 1:colcon.colcon_core.package_identification:_identify(/home/shiva/Documents/proj_wrkspace/src/turtlebot3_simulations) by extensions ['colcon_meta']
[0.830s] Level 1:colcon.colcon_core.package_identification:_identify(/home/shiva/Documents/proj_wrkspace/src/turtlebot3_simulations) by extension 'colcon_meta'
[0.830s] Level 1:colcon.colcon_core.package_identification:_identify(/home/shiva/Documents/proj_wrkspace/src/turtlebot3_simulations) by extensions ['ros']
[0.830s] Level 1:colcon.colcon_core.package_identification:_identify(/home/shiva/Documents/proj_wrkspace/src/turtlebot3_simulations) by extension 'ros'
[0.831s] DEBUG:colcon.colcon_core.package_identification:Package '/home/shiva/Documents/proj_wrkspace/src/turtlebot3_simulations' with type 'ros.ament_cmake' and name 'turtlebot3_simulations'
[0.831s] Level 1:colcon.colcon_core.package_discovery:discover_packages(recursive) using defaults
