[0.011s] Invoking command in '/home/shiva/Documents/proj_wrkspace/build/turtlebot3_gazebo': CMAKE_PREFIX_PATH=/home/shiva/Documents/ros2_wrk_spc/install/rover:/home/shiva/Documents/ros2_wrk_spc/install/my_robo_controller:/home/shiva/Documents/ros2_wrk_spc/install/my_practise_robo:/home/shiva/Documents/ros2_wrk_spc/install/mobile_robo:/opt/ros/humble /usr/bin/cmake /home/shiva/Documents/proj_wrkspace/src/turtlebot3_gazebo -DCMAKE_INSTALL_PREFIX=/home/shiva/Documents/proj_wrkspace/install/turtlebot3_gazebo
[0.122s] -- The C compiler identification is GNU 11.3.0
[0.209s] -- The CXX compiler identification is GNU 11.3.0
[0.219s] -- Detecting C compiler ABI info
[0.279s] -- Detecting C compiler ABI info - done
[0.286s] -- Check for working C compiler: /usr/bin/cc - skipped
[0.286s] -- Detecting C compile features
[0.286s] -- Detecting C compile features - done
[0.289s] -- Detecting CXX compiler ABI info
[0.366s] -- Detecting CXX compiler ABI info - done
[0.376s] -- Check for working CXX compiler: /usr/bin/c++ - skipped
[0.376s] -- Detecting CXX compile features
[0.376s] -- Detecting CXX compile features - done
[0.385s] -- Found ament_cmake: 1.3.3 (/opt/ros/humble/share/ament_cmake/cmake)
[0.583s] -- Found Python3: /usr/bin/python3.10 (found version "3.10.6") found components: Interpreter 
[0.704s] [33mCMake Warning (dev) at /usr/share/cmake-3.22/Modules/FindPackageHandleStandardArgs.cmake:438 (message):
[0.704s]   The package name passed to `find_package_handle_standard_args` (PkgConfig)
[0.704s]   does not match the name of the calling package (gazebo).  This can lead to
[0.704s]   problems in calling code that expects `find_package` result variables
[0.704s]   (e.g., `_FOUND`) to follow a certain pattern.
[0.704s] Call Stack (most recent call first):
[0.704s]   /usr/share/cmake-3.22/Modules/FindPkgConfig.cmake:99 (find_package_handle_standard_args)
[0.704s]   /usr/lib/x86_64-linux-gnu/cmake/gazebo/gazebo-config.cmake:72 (include)
[0.704s]   CMakeLists.txt:23 (find_package)
[0.704s] This warning is for project developers.  Use -Wno-dev to suppress it.
[0.704s] [0m
[0.705s] -- Found PkgConfig: /usr/bin/pkg-config (found version "0.29.2") 
[0.707s] -- Checking for module 'bullet>=2.82'
[0.723s] --   Found bullet, version 3.05
[0.819s] -- Found fcl: /usr/include (found suitable version "0.7.0", minimum required is "0.5.0") 
[0.855s] -- Found assimp: /usr/include (found version "5.2.0") 
[0.881s] -- Found DART: /usr/include (Required is at least version "6.6") found components: dart 
[1.060s] -- Found Boost: /usr/lib/x86_64-linux-gnu/cmake/Boost-1.74.0/BoostConfig.cmake (found suitable version "1.74.0", minimum required is "1.40.0") found components: thread system filesystem program_options regex iostreams date_time 
[1.082s] -- Found Protobuf: /usr/lib/x86_64-linux-gnu/libprotobuf.so (found version "3.12.4") 
[1.088s] -- Looking for ignition-math6 -- found version 6.12.0
[1.098s] -- Searching for dependencies of ignition-math6
[1.100s] -- Looking for OGRE...
[1.102s] -- OGRE_PREFIX_WATCH changed.
[1.105s] -- Checking for module 'OGRE'
[1.115s] --   Found OGRE, version 1.9.0
[1.143s] -- Found Ogre Ghadamon (1.9.0)
[1.152s] -- Found OGRE: optimized;/usr/lib/x86_64-linux-gnu/libOgreMain.so;debug;/usr/lib/x86_64-linux-gnu/libOgreMain.so
[1.161s] -- Looking for OGRE_Paging...
[1.166s] -- Found OGRE_Paging: optimized;/usr/lib/x86_64-linux-gnu/libOgrePaging.so;debug;/usr/lib/x86_64-linux-gnu/libOgrePaging.so
[1.166s] -- Looking for OGRE_Terrain...
[1.174s] -- Found OGRE_Terrain: optimized;/usr/lib/x86_64-linux-gnu/libOgreTerrain.so;debug;/usr/lib/x86_64-linux-gnu/libOgreTerrain.so
[1.174s] -- Looking for OGRE_Property...
[1.178s] -- Found OGRE_Property: optimized;/usr/lib/x86_64-linux-gnu/libOgreProperty.so;debug;/usr/lib/x86_64-linux-gnu/libOgreProperty.so
[1.179s] -- Looking for OGRE_RTShaderSystem...
[1.184s] -- Found OGRE_RTShaderSystem: optimized;/usr/lib/x86_64-linux-gnu/libOgreRTShaderSystem.so;debug;/usr/lib/x86_64-linux-gnu/libOgreRTShaderSystem.so
[1.184s] -- Looking for OGRE_Volume...
[1.189s] -- Found OGRE_Volume: optimized;/usr/lib/x86_64-linux-gnu/libOgreVolume.so;debug;/usr/lib/x86_64-linux-gnu/libOgreVolume.so
[1.189s] -- Looking for OGRE_Overlay...
[1.199s] -- Found OGRE_Overlay: optimized;/usr/lib/x86_64-linux-gnu/libOgreOverlay.so;debug;/usr/lib/x86_64-linux-gnu/libOgreOverlay.so
[1.355s] -- Looking for ignition-math6 -- found version 6.12.0
[1.358s] -- Looking for ignition-transport8 -- found version 8.2.1
[1.359s] -- Searching for dependencies of ignition-transport8
[1.375s] -- Found Protobuf: /usr/lib/x86_64-linux-gnu/libprotobuf.so (found suitable version "3.12.4", minimum required is "3") 
[1.386s] -- Config-file not installed for ZeroMQ -- checking for pkg-config
[1.390s] -- Checking for module 'libzmq >= 4'
[1.403s] --   Found libzmq , version 4.3.4
[1.432s] -- Found ZeroMQ: TRUE (Required is at least version "4") 
[1.439s] -- Checking for module 'uuid'
[1.450s] --   Found uuid, version 2.37.2
[1.479s] -- Found UUID: TRUE  
[1.481s] -- Looking for ignition-msgs5 -- found version 5.8.1
[1.481s] -- Searching for dependencies of ignition-msgs5
[1.500s] -- Looking for ignition-math6 -- found version 6.12.0
[1.504s] -- Checking for module 'tinyxml2'
[1.513s] --   Found tinyxml2, version 9.0.0
[1.552s] -- Looking for ignition-msgs5 -- found version 5.8.1
[1.555s] -- Looking for ignition-common3 -- found version 3.14.0
[1.555s] -- Searching for dependencies of ignition-common3
[1.556s] -- Looking for dlfcn.h - found
[1.556s] -- Looking for libdl - found
[1.558s] -- Found DL: TRUE  
[1.570s] -- Found tinyobjloader: /usr/lib/x86_64-linux-gnu/cmake/tinyobjloader/tinyobjloader-config.cmake (found version "2.0.0") 
[1.571s] -- Searching for <ignition-common3> component [graphics]
[1.573s] -- Looking for ignition-common3-graphics -- found version 3.14.0
[1.574s] -- Searching for dependencies of ignition-common3-graphics
[1.574s] -- Looking for ignition-math6 -- found version 6.12.0
[1.578s] -- Looking for ignition-fuel_tools4 -- found version 4.4.0
[1.578s] -- Searching for dependencies of ignition-fuel_tools4
[1.648s] -- Found CURL: /usr/lib/x86_64-linux-gnu/libcurl.so (found version "7.81.0")  
[1.656s] -- Checking for module 'jsoncpp'
[1.667s] --   Found jsoncpp, version 1.9.5
[1.694s] -- Found JSONCPP: TRUE  
[1.699s] -- Checking for module 'libzip'
[1.714s] --   Found libzip, version 1.7.3
[1.745s] -- Found ZIP: TRUE  
[1.745s] -- Looking for ignition-common3 -- found version 3.14.0
[1.745s] -- Looking for ignition-math6 -- found version 6.12.0
[1.746s] -- Looking for ignition-msgs5 -- found version 5.8.1
[1.753s] -- Found gazebo_ros_pkgs: 3.7.0 (/opt/ros/humble/share/gazebo_ros_pkgs/cmake)
[1.755s] -- Found geometry_msgs: 4.2.3 (/opt/ros/humble/share/geometry_msgs/cmake)
[1.786s] -- Found rosidl_generator_c: 3.1.4 (/opt/ros/humble/share/rosidl_generator_c/cmake)
[1.791s] -- Found rosidl_adapter: 3.1.4 (/opt/ros/humble/share/rosidl_adapter/cmake)
[1.799s] -- Found rosidl_generator_cpp: 3.1.4 (/opt/ros/humble/share/rosidl_generator_cpp/cmake)
[1.815s] -- Using all available rosidl_typesupport_c: rosidl_typesupport_fastrtps_c;rosidl_typesupport_introspection_c
[1.837s] -- Using all available rosidl_typesupport_cpp: rosidl_typesupport_fastrtps_cpp;rosidl_typesupport_introspection_cpp
[1.987s] -- Found nav_msgs: 4.2.3 (/opt/ros/humble/share/nav_msgs/cmake)
[2.086s] -- Found rclcpp: 16.0.3 (/opt/ros/humble/share/rclcpp/cmake)
[2.152s] -- Found rmw_implementation_cmake: 6.1.1 (/opt/ros/humble/share/rmw_implementation_cmake/cmake)
[2.155s] -- Found rmw_fastrtps_cpp: 6.2.2 (/opt/ros/humble/share/rmw_fastrtps_cpp/cmake)
[2.254s] -- Found OpenSSL: /usr/lib/x86_64-linux-gnu/libcrypto.so (found version "3.0.2")  
[2.281s] -- Found FastRTPS: /opt/ros/humble/include  
[2.337s] -- Using RMW implementation 'rmw_fastrtps_cpp' as default
[2.350s] -- Found Threads: TRUE  
[2.546s] -- Found sensor_msgs: 4.2.3 (/opt/ros/humble/share/sensor_msgs/cmake)
[2.646s] -- Found tf2: 0.25.2 (/opt/ros/humble/share/tf2/cmake)
[2.734s] -- Configuring done
[2.768s] -- Generating done
[2.770s] -- Build files have been written to: /home/shiva/Documents/proj_wrkspace/build/turtlebot3_gazebo
[2.792s] Invoked command in '/home/shiva/Documents/proj_wrkspace/build/turtlebot3_gazebo' returned '0': CMAKE_PREFIX_PATH=/home/shiva/Documents/ros2_wrk_spc/install/rover:/home/shiva/Documents/ros2_wrk_spc/install/my_robo_controller:/home/shiva/Documents/ros2_wrk_spc/install/my_practise_robo:/home/shiva/Documents/ros2_wrk_spc/install/mobile_robo:/opt/ros/humble /usr/bin/cmake /home/shiva/Documents/proj_wrkspace/src/turtlebot3_gazebo -DCMAKE_INSTALL_PREFIX=/home/shiva/Documents/proj_wrkspace/install/turtlebot3_gazebo
[2.794s] Invoking command in '/home/shiva/Documents/proj_wrkspace/build/turtlebot3_gazebo': CMAKE_PREFIX_PATH=/home/shiva/Documents/ros2_wrk_spc/install/rover:/home/shiva/Documents/ros2_wrk_spc/install/my_robo_controller:/home/shiva/Documents/ros2_wrk_spc/install/my_practise_robo:/home/shiva/Documents/ros2_wrk_spc/install/mobile_robo:/opt/ros/humble /usr/bin/cmake --build /home/shiva/Documents/proj_wrkspace/build/turtlebot3_gazebo -- -j8 -l8
[2.848s] [ 12%] [32mBuilding CXX object CMakeFiles/obstacles.dir/models/turtlebot3_dqn_world/obstacle_plugin/obstacles.cc.o[0m
[2.849s] [ 37%] [32mBuilding CXX object CMakeFiles/obstacle2.dir/models/turtlebot3_dqn_world/obstacle_plugin/obstacle2.cc.o[0m
[2.849s] [ 37%] [32mBuilding CXX object CMakeFiles/obstacle1.dir/models/turtlebot3_dqn_world/obstacle_plugin/obstacle1.cc.o[0m
[2.850s] [ 50%] [32mBuilding CXX object CMakeFiles/turtlebot3_drive.dir/src/turtlebot3_drive.cpp.o[0m
[93.238s] [ 62%] [32m[1mLinking CXX shared library libobstacles.so[0m
[93.481s] [ 75%] [32m[1mLinking CXX shared library libobstacle2.so[0m
[93.627s] [ 75%] Built target obstacles
[93.738s] [ 87%] [32m[1mLinking CXX shared library libobstacle1.so[0m
[93.778s] [ 87%] Built target obstacle2
[93.950s] [ 87%] Built target obstacle1
[94.692s] [100%] [32m[1mLinking CXX executable turtlebot3_drive[0m
[95.364s] [100%] Built target turtlebot3_drive
[95.374s] Invoked command in '/home/shiva/Documents/proj_wrkspace/build/turtlebot3_gazebo' returned '0': CMAKE_PREFIX_PATH=/home/shiva/Documents/ros2_wrk_spc/install/rover:/home/shiva/Documents/ros2_wrk_spc/install/my_robo_controller:/home/shiva/Documents/ros2_wrk_spc/install/my_practise_robo:/home/shiva/Documents/ros2_wrk_spc/install/mobile_robo:/opt/ros/humble /usr/bin/cmake --build /home/shiva/Documents/proj_wrkspace/build/turtlebot3_gazebo -- -j8 -l8
[95.397s] Invoking command in '/home/shiva/Documents/proj_wrkspace/build/turtlebot3_gazebo': CMAKE_PREFIX_PATH=/home/shiva/Documents/ros2_wrk_spc/install/rover:/home/shiva/Documents/ros2_wrk_spc/install/my_robo_controller:/home/shiva/Documents/ros2_wrk_spc/install/my_practise_robo:/home/shiva/Documents/ros2_wrk_spc/install/mobile_robo:/opt/ros/humble /usr/bin/cmake --install /home/shiva/Documents/proj_wrkspace/build/turtlebot3_gazebo
[95.403s] -- Install configuration: ""
[95.403s] -- Installing: /home/shiva/Documents/proj_wrkspace/install/turtlebot3_gazebo/lib/turtlebot3_gazebo/turtlebot3_drive
[95.408s] -- Set runtime path of "/home/shiva/Documents/proj_wrkspace/install/turtlebot3_gazebo/lib/turtlebot3_gazebo/turtlebot3_drive" to ""
[95.408s] -- Installing: /home/shiva/Documents/proj_wrkspace/install/turtlebot3_gazebo/share/turtlebot3_gazebo//launch
[95.408s] -- Installing: /home/shiva/Documents/proj_wrkspace/install/turtlebot3_gazebo/share/turtlebot3_gazebo//launch/turtlebot3_dqn_stage2.launch.py
[95.408s] -- Installing: /home/shiva/Documents/proj_wrkspace/install/turtlebot3_gazebo/share/turtlebot3_gazebo//launch/robot_state_publisher.launch.py
[95.409s] -- Installing: /home/shiva/Documents/proj_wrkspace/install/turtlebot3_gazebo/share/turtlebot3_gazebo//launch/spawn_turtlebot3.launch.py
[95.409s] -- Installing: /home/shiva/Documents/proj_wrkspace/install/turtlebot3_gazebo/share/turtlebot3_gazebo//launch/empty_world.launch.py
[95.409s] -- Installing: /home/shiva/Documents/proj_wrkspace/install/turtlebot3_gazebo/share/turtlebot3_gazebo//launch/turtlebot3_dqn_stage3.launch.py
[95.409s] -- Installing: /home/shiva/Documents/proj_wrkspace/install/turtlebot3_gazebo/share/turtlebot3_gazebo//launch/turtlebot3_world.launch.py
[95.410s] -- Installing: /home/shiva/Documents/proj_wrkspace/install/turtlebot3_gazebo/share/turtlebot3_gazebo//launch/turtlebot3_dqn_stage4.launch.py
[95.410s] -- Installing: /home/shiva/Documents/proj_wrkspace/install/turtlebot3_gazebo/share/turtlebot3_gazebo//launch/turtlebot3_dqn_stage1.launch.py
[95.410s] -- Installing: /home/shiva/Documents/proj_wrkspace/install/turtlebot3_gazebo/share/turtlebot3_gazebo//launch/turtlebot3_house.launch.py
[95.410s] -- Installing: /home/shiva/Documents/proj_wrkspace/install/turtlebot3_gazebo/share/turtlebot3_gazebo//models
[95.410s] -- Installing: /home/shiva/Documents/proj_wrkspace/install/turtlebot3_gazebo/share/turtlebot3_gazebo//models/turtlebot3_burger
[95.410s] -- Installing: /home/shiva/Documents/proj_wrkspace/install/turtlebot3_gazebo/share/turtlebot3_gazebo//models/turtlebot3_burger/model.config
[95.411s] -- Installing: /home/shiva/Documents/proj_wrkspace/install/turtlebot3_gazebo/share/turtlebot3_gazebo//models/turtlebot3_burger/model.sdf
[95.411s] -- Installing: /home/shiva/Documents/proj_wrkspace/install/turtlebot3_gazebo/share/turtlebot3_gazebo//models/turtlebot3_burger/model-1_4.sdf
[95.411s] -- Installing: /home/shiva/Documents/proj_wrkspace/install/turtlebot3_gazebo/share/turtlebot3_gazebo//models/turtlebot3_waffle_pi
[95.411s] -- Installing: /home/shiva/Documents/proj_wrkspace/install/turtlebot3_gazebo/share/turtlebot3_gazebo//models/turtlebot3_waffle_pi/model.config
[95.411s] -- Installing: /home/shiva/Documents/proj_wrkspace/install/turtlebot3_gazebo/share/turtlebot3_gazebo//models/turtlebot3_waffle_pi/model.sdf
[95.412s] -- Installing: /home/shiva/Documents/proj_wrkspace/install/turtlebot3_gazebo/share/turtlebot3_gazebo//models/turtlebot3_waffle_pi/model-1_4_.sdf
[95.412s] -- Installing: /home/shiva/Documents/proj_wrkspace/install/turtlebot3_gazebo/share/turtlebot3_gazebo//models/turtlebot3_common
[95.412s] -- Installing: /home/shiva/Documents/proj_wrkspace/install/turtlebot3_gazebo/share/turtlebot3_gazebo//models/turtlebot3_common/model.config
[95.412s] -- Installing: /home/shiva/Documents/proj_wrkspace/install/turtlebot3_gazebo/share/turtlebot3_gazebo//models/turtlebot3_common/meshes
[95.412s] -- Installing: /home/shiva/Documents/proj_wrkspace/install/turtlebot3_gazebo/share/turtlebot3_gazebo//models/turtlebot3_common/meshes/r200.dae
[95.413s] -- Installing: /home/shiva/Documents/proj_wrkspace/install/turtlebot3_gazebo/share/turtlebot3_gazebo//models/turtlebot3_common/meshes/waffle_base.dae
[95.413s] -- Installing: /home/shiva/Documents/proj_wrkspace/install/turtlebot3_gazebo/share/turtlebot3_gazebo//models/turtlebot3_common/meshes/waffle_pi_base.dae
[95.413s] -- Installing: /home/shiva/Documents/proj_wrkspace/install/turtlebot3_gazebo/share/turtlebot3_gazebo//models/turtlebot3_common/meshes/burger_base.dae
[95.414s] -- Installing: /home/shiva/Documents/proj_wrkspace/install/turtlebot3_gazebo/share/turtlebot3_gazebo//models/turtlebot3_common/meshes/tire.dae
[95.414s] -- Installing: /home/shiva/Documents/proj_wrkspace/install/turtlebot3_gazebo/share/turtlebot3_gazebo//models/turtlebot3_common/meshes/lds.dae
[95.414s] -- Installing: /home/shiva/Documents/proj_wrkspace/install/turtlebot3_gazebo/share/turtlebot3_gazebo//models/turtlebot3_world
[95.414s] -- Installing: /home/shiva/Documents/proj_wrkspace/install/turtlebot3_gazebo/share/turtlebot3_gazebo//models/turtlebot3_world/model.config
[95.415s] -- Installing: /home/shiva/Documents/proj_wrkspace/install/turtlebot3_gazebo/share/turtlebot3_gazebo//models/turtlebot3_world/model.sdf
[95.415s] -- Installing: /home/shiva/Documents/proj_wrkspace/install/turtlebot3_gazebo/share/turtlebot3_gazebo//models/turtlebot3_world/meshes
[95.415s] -- Installing: /home/shiva/Documents/proj_wrkspace/install/turtlebot3_gazebo/share/turtlebot3_gazebo//models/turtlebot3_world/meshes/wall.dae
[95.415s] -- Installing: /home/shiva/Documents/proj_wrkspace/install/turtlebot3_gazebo/share/turtlebot3_gazebo//models/turtlebot3_world/meshes/hexagon.dae
[95.415s] -- Installing: /home/shiva/Documents/proj_wrkspace/install/turtlebot3_gazebo/share/turtlebot3_gazebo//models/turtlebot3_world/model-1_4.sdf
[95.416s] -- Installing: /home/shiva/Documents/proj_wrkspace/install/turtlebot3_gazebo/share/turtlebot3_gazebo//models/turtlebot3_house
[95.416s] -- Installing: /home/shiva/Documents/proj_wrkspace/install/turtlebot3_gazebo/share/turtlebot3_gazebo//models/turtlebot3_house/model.config
[95.416s] -- Installing: /home/shiva/Documents/proj_wrkspace/install/turtlebot3_gazebo/share/turtlebot3_gazebo//models/turtlebot3_house/model.sdf
[95.417s] -- Installing: /home/shiva/Documents/proj_wrkspace/install/turtlebot3_gazebo/share/turtlebot3_gazebo//models/turtlebot3_waffle
[95.417s] -- Installing: /home/shiva/Documents/proj_wrkspace/install/turtlebot3_gazebo/share/turtlebot3_gazebo//models/turtlebot3_waffle/model.config
[95.418s] -- Installing: /home/shiva/Documents/proj_wrkspace/install/turtlebot3_gazebo/share/turtlebot3_gazebo//models/turtlebot3_waffle/model.sdf
[95.418s] -- Installing: /home/shiva/Documents/proj_wrkspace/install/turtlebot3_gazebo/share/turtlebot3_gazebo//models/turtlebot3_waffle/model-1_4.sdf
[95.418s] -- Installing: /home/shiva/Documents/proj_wrkspace/install/turtlebot3_gazebo/share/turtlebot3_gazebo//models/turtlebot3_dqn_world
[95.418s] -- Installing: /home/shiva/Documents/proj_wrkspace/install/turtlebot3_gazebo/share/turtlebot3_gazebo//models/turtlebot3_dqn_world/goal_box
[95.418s] -- Installing: /home/shiva/Documents/proj_wrkspace/install/turtlebot3_gazebo/share/turtlebot3_gazebo//models/turtlebot3_dqn_world/goal_box/model.config
[95.419s] -- Installing: /home/shiva/Documents/proj_wrkspace/install/turtlebot3_gazebo/share/turtlebot3_gazebo//models/turtlebot3_dqn_world/goal_box/model.sdf
[95.419s] -- Installing: /home/shiva/Documents/proj_wrkspace/install/turtlebot3_gazebo/share/turtlebot3_gazebo//models/turtlebot3_dqn_world/obstacle1
[95.419s] -- Installing: /home/shiva/Documents/proj_wrkspace/install/turtlebot3_gazebo/share/turtlebot3_gazebo//models/turtlebot3_dqn_world/obstacle1/model.config
[95.419s] -- Installing: /home/shiva/Documents/proj_wrkspace/install/turtlebot3_gazebo/share/turtlebot3_gazebo//models/turtlebot3_dqn_world/obstacle1/model.sdf
[95.419s] -- Installing: /home/shiva/Documents/proj_wrkspace/install/turtlebot3_gazebo/share/turtlebot3_gazebo//models/turtlebot3_dqn_world/inner_walls
[95.420s] -- Installing: /home/shiva/Documents/proj_wrkspace/install/turtlebot3_gazebo/share/turtlebot3_gazebo//models/turtlebot3_dqn_world/inner_walls/model.config
[95.420s] -- Installing: /home/shiva/Documents/proj_wrkspace/install/turtlebot3_gazebo/share/turtlebot3_gazebo//models/turtlebot3_dqn_world/inner_walls/model.sdf
[95.420s] -- Installing: /home/shiva/Documents/proj_wrkspace/install/turtlebot3_gazebo/share/turtlebot3_gazebo//models/turtlebot3_dqn_world/obstacles
[95.420s] -- Installing: /home/shiva/Documents/proj_wrkspace/install/turtlebot3_gazebo/share/turtlebot3_gazebo//models/turtlebot3_dqn_world/obstacles/model.config
[95.420s] -- Installing: /home/shiva/Documents/proj_wrkspace/install/turtlebot3_gazebo/share/turtlebot3_gazebo//models/turtlebot3_dqn_world/obstacles/model.sdf
[95.421s] -- Installing: /home/shiva/Documents/proj_wrkspace/install/turtlebot3_gazebo/share/turtlebot3_gazebo//models/turtlebot3_dqn_world/model.config
[95.421s] -- Installing: /home/shiva/Documents/proj_wrkspace/install/turtlebot3_gazebo/share/turtlebot3_gazebo//models/turtlebot3_dqn_world/model.sdf
[95.421s] -- Installing: /home/shiva/Documents/proj_wrkspace/install/turtlebot3_gazebo/share/turtlebot3_gazebo//models/turtlebot3_dqn_world/obstacle2
[95.421s] -- Installing: /home/shiva/Documents/proj_wrkspace/install/turtlebot3_gazebo/share/turtlebot3_gazebo//models/turtlebot3_dqn_world/obstacle2/model.config
[95.421s] -- Installing: /home/shiva/Documents/proj_wrkspace/install/turtlebot3_gazebo/share/turtlebot3_gazebo//models/turtlebot3_dqn_world/obstacle2/model.sdf
[95.422s] -- Installing: /home/shiva/Documents/proj_wrkspace/install/turtlebot3_gazebo/share/turtlebot3_gazebo//models/turtlebot3_dqn_world/obstacle_plugin
[95.422s] -- Installing: /home/shiva/Documents/proj_wrkspace/install/turtlebot3_gazebo/share/turtlebot3_gazebo//models/turtlebot3_dqn_world/obstacle_plugin/obstacle1.cc
[95.422s] -- Installing: /home/shiva/Documents/proj_wrkspace/install/turtlebot3_gazebo/share/turtlebot3_gazebo//models/turtlebot3_dqn_world/obstacle_plugin/obstacle2.cc
[95.422s] -- Installing: /home/shiva/Documents/proj_wrkspace/install/turtlebot3_gazebo/share/turtlebot3_gazebo//models/turtlebot3_dqn_world/obstacle_plugin/CMakeLists.txt
[95.423s] -- Installing: /home/shiva/Documents/proj_wrkspace/install/turtlebot3_gazebo/share/turtlebot3_gazebo//models/turtlebot3_dqn_world/obstacle_plugin/obstacles.cc
[95.423s] -- Installing: /home/shiva/Documents/proj_wrkspace/install/turtlebot3_gazebo/share/turtlebot3_gazebo//rviz
[95.423s] -- Installing: /home/shiva/Documents/proj_wrkspace/install/turtlebot3_gazebo/share/turtlebot3_gazebo//rviz/tb3_gazebo.rviz
[95.423s] -- Installing: /home/shiva/Documents/proj_wrkspace/install/turtlebot3_gazebo/share/turtlebot3_gazebo//urdf
[95.423s] -- Installing: /home/shiva/Documents/proj_wrkspace/install/turtlebot3_gazebo/share/turtlebot3_gazebo//urdf/turtlebot3_waffle.urdf
[95.424s] -- Installing: /home/shiva/Documents/proj_wrkspace/install/turtlebot3_gazebo/share/turtlebot3_gazebo//urdf/turtlebot3_burger.urdf
[95.424s] -- Installing: /home/shiva/Documents/proj_wrkspace/install/turtlebot3_gazebo/share/turtlebot3_gazebo//urdf/common_properties.urdf
[95.425s] -- Installing: /home/shiva/Documents/proj_wrkspace/install/turtlebot3_gazebo/share/turtlebot3_gazebo//urdf/turtlebot3_waffle_pi.urdf
[95.425s] -- Installing: /home/shiva/Documents/proj_wrkspace/install/turtlebot3_gazebo/share/turtlebot3_gazebo//worlds
[95.425s] -- Installing: /home/shiva/Documents/proj_wrkspace/install/turtlebot3_gazebo/share/turtlebot3_gazebo//worlds/turtlebot3_dqn_stage3.world
[95.425s] -- Installing: /home/shiva/Documents/proj_wrkspace/install/turtlebot3_gazebo/share/turtlebot3_gazebo//worlds/turtlebot3_house.world
[95.425s] -- Installing: /home/shiva/Documents/proj_wrkspace/install/turtlebot3_gazebo/share/turtlebot3_gazebo//worlds/turtlebot3_dqn_stage4.world
[95.425s] -- Installing: /home/shiva/Documents/proj_wrkspace/install/turtlebot3_gazebo/share/turtlebot3_gazebo//worlds/empty_world.world
[95.426s] -- Installing: /home/shiva/Documents/proj_wrkspace/install/turtlebot3_gazebo/share/turtlebot3_gazebo//worlds/turtlebot3_dqn_stage2.world
[95.426s] -- Installing: /home/shiva/Documents/proj_wrkspace/install/turtlebot3_gazebo/share/turtlebot3_gazebo//worlds/turtlebot3_dqn_stage1.world
[95.426s] -- Installing: /home/shiva/Documents/proj_wrkspace/install/turtlebot3_gazebo/share/turtlebot3_gazebo//worlds/turtlebot3_world.world
[95.426s] -- Installing: /home/shiva/Documents/proj_wrkspace/install/turtlebot3_gazebo/include/
[95.426s] -- Installing: /home/shiva/Documents/proj_wrkspace/install/turtlebot3_gazebo/include//turtlebot3_gazebo
[95.427s] -- Installing: /home/shiva/Documents/proj_wrkspace/install/turtlebot3_gazebo/include//turtlebot3_gazebo/turtlebot3_drive.hpp
[95.428s] -- Installing: /home/shiva/Documents/proj_wrkspace/install/turtlebot3_gazebo/share/ament_index/resource_index/package_run_dependencies/turtlebot3_gazebo
[95.428s] -- Installing: /home/shiva/Documents/proj_wrkspace/install/turtlebot3_gazebo/share/ament_index/resource_index/parent_prefix_path/turtlebot3_gazebo
[95.428s] -- Installing: /home/shiva/Documents/proj_wrkspace/install/turtlebot3_gazebo/share/turtlebot3_gazebo/environment/ament_prefix_path.sh
[95.428s] -- Installing: /home/shiva/Documents/proj_wrkspace/install/turtlebot3_gazebo/share/turtlebot3_gazebo/environment/ament_prefix_path.dsv
[95.429s] -- Installing: /home/shiva/Documents/proj_wrkspace/install/turtlebot3_gazebo/share/turtlebot3_gazebo/environment/path.sh
[95.429s] -- Installing: /home/shiva/Documents/proj_wrkspace/install/turtlebot3_gazebo/share/turtlebot3_gazebo/environment/path.dsv
[95.429s] -- Installing: /home/shiva/Documents/proj_wrkspace/install/turtlebot3_gazebo/share/turtlebot3_gazebo/local_setup.bash
[95.429s] -- Installing: /home/shiva/Documents/proj_wrkspace/install/turtlebot3_gazebo/share/turtlebot3_gazebo/local_setup.sh
[95.429s] -- Installing: /home/shiva/Documents/proj_wrkspace/install/turtlebot3_gazebo/share/turtlebot3_gazebo/local_setup.zsh
[95.429s] -- Installing: /home/shiva/Documents/proj_wrkspace/install/turtlebot3_gazebo/share/turtlebot3_gazebo/local_setup.dsv
[95.430s] -- Installing: /home/shiva/Documents/proj_wrkspace/install/turtlebot3_gazebo/share/turtlebot3_gazebo/package.dsv
[95.430s] -- Installing: /home/shiva/Documents/proj_wrkspace/install/turtlebot3_gazebo/share/ament_index/resource_index/packages/turtlebot3_gazebo
[95.430s] -- Installing: /home/shiva/Documents/proj_wrkspace/install/turtlebot3_gazebo/share/turtlebot3_gazebo/cmake/ament_cmake_export_include_directories-extras.cmake
[95.430s] -- Installing: /home/shiva/Documents/proj_wrkspace/install/turtlebot3_gazebo/share/turtlebot3_gazebo/cmake/ament_cmake_export_dependencies-extras.cmake
[95.431s] -- Installing: /home/shiva/Documents/proj_wrkspace/install/turtlebot3_gazebo/share/turtlebot3_gazebo/cmake/turtlebot3_gazeboConfig.cmake
[95.431s] -- Installing: /home/shiva/Documents/proj_wrkspace/install/turtlebot3_gazebo/share/turtlebot3_gazebo/cmake/turtlebot3_gazeboConfig-version.cmake
[95.431s] -- Installing: /home/shiva/Documents/proj_wrkspace/install/turtlebot3_gazebo/share/turtlebot3_gazebo/package.xml
[95.436s] Invoked command in '/home/shiva/Documents/proj_wrkspace/build/turtlebot3_gazebo' returned '0': CMAKE_PREFIX_PATH=/home/shiva/Documents/ros2_wrk_spc/install/rover:/home/shiva/Documents/ros2_wrk_spc/install/my_robo_controller:/home/shiva/Documents/ros2_wrk_spc/install/my_practise_robo:/home/shiva/Documents/ros2_wrk_spc/install/mobile_robo:/opt/ros/humble /usr/bin/cmake --install /home/shiva/Documents/proj_wrkspace/build/turtlebot3_gazebo
