[0.011s] Invoking command in '/home/shiva/Documents/proj_wrkspace/build/turtlebot3_simulations': AMENT_PREFIX_PATH=/home/shiva/Documents/proj_wrkspace/install/turtlebot3_gazebo:/home/shiva/Documents/proj_wrkspace/install/turtlebot3_fake_node:${AMENT_PREFIX_PATH} CMAKE_PREFIX_PATH=/home/shiva/Documents/proj_wrkspace/install/turtlebot3_gazebo:/home/shiva/Documents/proj_wrkspace/install/turtlebot3_fake_node:/home/shiva/Documents/ros2_wrk_spc/install/rover:/home/shiva/Documents/ros2_wrk_spc/install/my_robo_controller:/home/shiva/Documents/ros2_wrk_spc/install/my_practise_robo:/home/shiva/Documents/ros2_wrk_spc/install/mobile_robo:/opt/ros/humble /usr/bin/cmake /home/shiva/Documents/proj_wrkspace/src/turtlebot3_simulations -DCMAKE_INSTALL_PREFIX=/home/shiva/Documents/proj_wrkspace/install/turtlebot3_simulations
[0.100s] -- The C compiler identification is GNU 11.3.0
[0.160s] -- The CXX compiler identification is GNU 11.3.0
[0.168s] -- Detecting C compiler ABI info
[0.225s] -- Detecting C compiler ABI info - done
[0.231s] -- Check for working C compiler: /usr/bin/cc - skipped
[0.231s] -- Detecting C compile features
[0.232s] -- Detecting C compile features - done
[0.235s] -- Detecting CXX compiler ABI info
[0.294s] -- Detecting CXX compiler ABI info - done
[0.302s] -- Check for working CXX compiler: /usr/bin/c++ - skipped
[0.302s] -- Detecting CXX compile features
[0.303s] -- Detecting CXX compile features - done
[0.312s] -- Found ament_cmake: 1.3.3 (/opt/ros/humble/share/ament_cmake/cmake)
[0.497s] -- Found Python3: /usr/bin/python3.10 (found version "3.10.6") found components: Interpreter 
[0.674s] -- Configuring done
[0.678s] -- Generating done
[0.679s] -- Build files have been written to: /home/shiva/Documents/proj_wrkspace/build/turtlebot3_simulations
[0.683s] Invoked command in '/home/shiva/Documents/proj_wrkspace/build/turtlebot3_simulations' returned '0': AMENT_PREFIX_PATH=/home/shiva/Documents/proj_wrkspace/install/turtlebot3_gazebo:/home/shiva/Documents/proj_wrkspace/install/turtlebot3_fake_node:${AMENT_PREFIX_PATH} CMAKE_PREFIX_PATH=/home/shiva/Documents/proj_wrkspace/install/turtlebot3_gazebo:/home/shiva/Documents/proj_wrkspace/install/turtlebot3_fake_node:/home/shiva/Documents/ros2_wrk_spc/install/rover:/home/shiva/Documents/ros2_wrk_spc/install/my_robo_controller:/home/shiva/Documents/ros2_wrk_spc/install/my_practise_robo:/home/shiva/Documents/ros2_wrk_spc/install/mobile_robo:/opt/ros/humble /usr/bin/cmake /home/shiva/Documents/proj_wrkspace/src/turtlebot3_simulations -DCMAKE_INSTALL_PREFIX=/home/shiva/Documents/proj_wrkspace/install/turtlebot3_simulations
[0.685s] Invoking command in '/home/shiva/Documents/proj_wrkspace/build/turtlebot3_simulations': AMENT_PREFIX_PATH=/home/shiva/Documents/proj_wrkspace/install/turtlebot3_gazebo:/home/shiva/Documents/proj_wrkspace/install/turtlebot3_fake_node:${AMENT_PREFIX_PATH} CMAKE_PREFIX_PATH=/home/shiva/Documents/proj_wrkspace/install/turtlebot3_gazebo:/home/shiva/Documents/proj_wrkspace/install/turtlebot3_fake_node:/home/shiva/Documents/ros2_wrk_spc/install/rover:/home/shiva/Documents/ros2_wrk_spc/install/my_robo_controller:/home/shiva/Documents/ros2_wrk_spc/install/my_practise_robo:/home/shiva/Documents/ros2_wrk_spc/install/mobile_robo:/opt/ros/humble /usr/bin/cmake --build /home/shiva/Documents/proj_wrkspace/build/turtlebot3_simulations -- -j8 -l8
[0.719s] Invoked command in '/home/shiva/Documents/proj_wrkspace/build/turtlebot3_simulations' returned '0': AMENT_PREFIX_PATH=/home/shiva/Documents/proj_wrkspace/install/turtlebot3_gazebo:/home/shiva/Documents/proj_wrkspace/install/turtlebot3_fake_node:${AMENT_PREFIX_PATH} CMAKE_PREFIX_PATH=/home/shiva/Documents/proj_wrkspace/install/turtlebot3_gazebo:/home/shiva/Documents/proj_wrkspace/install/turtlebot3_fake_node:/home/shiva/Documents/ros2_wrk_spc/install/rover:/home/shiva/Documents/ros2_wrk_spc/install/my_robo_controller:/home/shiva/Documents/ros2_wrk_spc/install/my_practise_robo:/home/shiva/Documents/ros2_wrk_spc/install/mobile_robo:/opt/ros/humble /usr/bin/cmake --build /home/shiva/Documents/proj_wrkspace/build/turtlebot3_simulations -- -j8 -l8
[0.736s] Invoking command in '/home/shiva/Documents/proj_wrkspace/build/turtlebot3_simulations': AMENT_PREFIX_PATH=/home/shiva/Documents/proj_wrkspace/install/turtlebot3_gazebo:/home/shiva/Documents/proj_wrkspace/install/turtlebot3_fake_node:${AMENT_PREFIX_PATH} CMAKE_PREFIX_PATH=/home/shiva/Documents/proj_wrkspace/install/turtlebot3_gazebo:/home/shiva/Documents/proj_wrkspace/install/turtlebot3_fake_node:/home/shiva/Documents/ros2_wrk_spc/install/rover:/home/shiva/Documents/ros2_wrk_spc/install/my_robo_controller:/home/shiva/Documents/ros2_wrk_spc/install/my_practise_robo:/home/shiva/Documents/ros2_wrk_spc/install/mobile_robo:/opt/ros/humble /usr/bin/cmake --install /home/shiva/Documents/proj_wrkspace/build/turtlebot3_simulations
[0.743s] -- Install configuration: ""
[0.743s] -- Installing: /home/shiva/Documents/proj_wrkspace/install/turtlebot3_simulations/share/ament_index/resource_index/package_run_dependencies/turtlebot3_simulations
[0.743s] -- Installing: /home/shiva/Documents/proj_wrkspace/install/turtlebot3_simulations/share/ament_index/resource_index/parent_prefix_path/turtlebot3_simulations
[0.744s] -- Installing: /home/shiva/Documents/proj_wrkspace/install/turtlebot3_simulations/share/turtlebot3_simulations/environment/ament_prefix_path.sh
[0.744s] -- Installing: /home/shiva/Documents/proj_wrkspace/install/turtlebot3_simulations/share/turtlebot3_simulations/environment/ament_prefix_path.dsv
[0.744s] -- Installing: /home/shiva/Documents/proj_wrkspace/install/turtlebot3_simulations/share/turtlebot3_simulations/environment/path.sh
[0.744s] -- Installing: /home/shiva/Documents/proj_wrkspace/install/turtlebot3_simulations/share/turtlebot3_simulations/environment/path.dsv
[0.744s] -- Installing: /home/shiva/Documents/proj_wrkspace/install/turtlebot3_simulations/share/turtlebot3_simulations/local_setup.bash
[0.744s] -- Installing: /home/shiva/Documents/proj_wrkspace/install/turtlebot3_simulations/share/turtlebot3_simulations/local_setup.sh
[0.744s] -- Installing: /home/shiva/Documents/proj_wrkspace/install/turtlebot3_simulations/share/turtlebot3_simulations/local_setup.zsh
[0.744s] -- Installing: /home/shiva/Documents/proj_wrkspace/install/turtlebot3_simulations/share/turtlebot3_simulations/local_setup.dsv
[0.745s] -- Installing: /home/shiva/Documents/proj_wrkspace/install/turtlebot3_simulations/share/turtlebot3_simulations/package.dsv
[0.745s] -- Installing: /home/shiva/Documents/proj_wrkspace/install/turtlebot3_simulations/share/ament_index/resource_index/packages/turtlebot3_simulations
[0.745s] -- Installing: /home/shiva/Documents/proj_wrkspace/install/turtlebot3_simulations/share/turtlebot3_simulations/cmake/turtlebot3_simulationsConfig.cmake
[0.745s] -- Installing: /home/shiva/Documents/proj_wrkspace/install/turtlebot3_simulations/share/turtlebot3_simulations/cmake/turtlebot3_simulationsConfig-version.cmake
[0.745s] -- Installing: /home/shiva/Documents/proj_wrkspace/install/turtlebot3_simulations/share/turtlebot3_simulations/package.xml
[0.748s] Invoked command in '/home/shiva/Documents/proj_wrkspace/build/turtlebot3_simulations' returned '0': AMENT_PREFIX_PATH=/home/shiva/Documents/proj_wrkspace/install/turtlebot3_gazebo:/home/shiva/Documents/proj_wrkspace/install/turtlebot3_fake_node:${AMENT_PREFIX_PATH} CMAKE_PREFIX_PATH=/home/shiva/Documents/proj_wrkspace/install/turtlebot3_gazebo:/home/shiva/Documents/proj_wrkspace/install/turtlebot3_fake_node:/home/shiva/Documents/ros2_wrk_spc/install/rover:/home/shiva/Documents/ros2_wrk_spc/install/my_robo_controller:/home/shiva/Documents/ros2_wrk_spc/install/my_practise_robo:/home/shiva/Documents/ros2_wrk_spc/install/mobile_robo:/opt/ros/humble /usr/bin/cmake --install /home/shiva/Documents/proj_wrkspace/build/turtlebot3_simulations
