[0.030s] Invoking command in '/home/shiva/Documents/proj_wrkspace/build/turtlebot3_fake_node': CMAKE_PREFIX_PATH=${CMAKE_PREFIX_PATH}:/home/shiva/Documents/ros2_wrk_spc/install/rover:/home/shiva/Documents/ros2_wrk_spc/install/my_robo_controller:/home/shiva/Documents/ros2_wrk_spc/install/my_practise_robo:/home/shiva/Documents/ros2_wrk_spc/install/mobile_robo:/opt/ros/humble /usr/bin/cmake --build /home/shiva/Documents/proj_wrkspace/build/turtlebot3_fake_node -- -j8 -l8
[0.103s] [100%] Built target turtlebot3_fake_node
[0.131s] Invoked command in '/home/shiva/Documents/proj_wrkspace/build/turtlebot3_fake_node' returned '0': CMAKE_PREFIX_PATH=${CMAKE_PREFIX_PATH}:/home/shiva/Documents/ros2_wrk_spc/install/rover:/home/shiva/Documents/ros2_wrk_spc/install/my_robo_controller:/home/shiva/Documents/ros2_wrk_spc/install/my_practise_robo:/home/shiva/Documents/ros2_wrk_spc/install/mobile_robo:/opt/ros/humble /usr/bin/cmake --build /home/shiva/Documents/proj_wrkspace/build/turtlebot3_fake_node -- -j8 -l8
[0.171s] Invoking command in '/home/shiva/Documents/proj_wrkspace/build/turtlebot3_fake_node': CMAKE_PREFIX_PATH=${CMAKE_PREFIX_PATH}:/home/shiva/Documents/ros2_wrk_spc/install/rover:/home/shiva/Documents/ros2_wrk_spc/install/my_robo_controller:/home/shiva/Documents/ros2_wrk_spc/install/my_practise_robo:/home/shiva/Documents/ros2_wrk_spc/install/mobile_robo:/opt/ros/humble /usr/bin/cmake --install /home/shiva/Documents/proj_wrkspace/build/turtlebot3_fake_node
[0.177s] -- Install configuration: ""
[0.177s] -- Up-to-date: /home/shiva/Documents/proj_wrkspace/install/turtlebot3_fake_node/lib/turtlebot3_fake_node/turtlebot3_fake_node
[0.178s] -- Up-to-date: /home/shiva/Documents/proj_wrkspace/install/turtlebot3_fake_node/share/turtlebot3_fake_node/launch
[0.178s] -- Up-to-date: /home/shiva/Documents/proj_wrkspace/install/turtlebot3_fake_node/share/turtlebot3_fake_node/launch/turtlebot3_fake_node.launch.py
[0.178s] -- Up-to-date: /home/shiva/Documents/proj_wrkspace/install/turtlebot3_fake_node/share/turtlebot3_fake_node/launch/rviz2.launch.py
[0.178s] -- Up-to-date: /home/shiva/Documents/proj_wrkspace/install/turtlebot3_fake_node/share/turtlebot3_fake_node/param
[0.179s] -- Up-to-date: /home/shiva/Documents/proj_wrkspace/install/turtlebot3_fake_node/share/turtlebot3_fake_node/param/waffle.yaml
[0.179s] -- Up-to-date: /home/shiva/Documents/proj_wrkspace/install/turtlebot3_fake_node/share/turtlebot3_fake_node/param/burger.yaml
[0.179s] -- Up-to-date: /home/shiva/Documents/proj_wrkspace/install/turtlebot3_fake_node/share/turtlebot3_fake_node/param/waffle_pi.yaml
[0.179s] -- Up-to-date: /home/shiva/Documents/proj_wrkspace/install/turtlebot3_fake_node/include/
[0.179s] -- Up-to-date: /home/shiva/Documents/proj_wrkspace/install/turtlebot3_fake_node/include//turtlebot3_fake_node
[0.179s] -- Up-to-date: /home/shiva/Documents/proj_wrkspace/install/turtlebot3_fake_node/include//turtlebot3_fake_node/turtlebot3_fake_node.hpp
[0.180s] -- Up-to-date: /home/shiva/Documents/proj_wrkspace/install/turtlebot3_fake_node/share/ament_index/resource_index/package_run_dependencies/turtlebot3_fake_node
[0.180s] -- Up-to-date: /home/shiva/Documents/proj_wrkspace/install/turtlebot3_fake_node/share/ament_index/resource_index/parent_prefix_path/turtlebot3_fake_node
[0.181s] -- Up-to-date: /home/shiva/Documents/proj_wrkspace/install/turtlebot3_fake_node/share/turtlebot3_fake_node/environment/ament_prefix_path.sh
[0.182s] -- Up-to-date: /home/shiva/Documents/proj_wrkspace/install/turtlebot3_fake_node/share/turtlebot3_fake_node/environment/ament_prefix_path.dsv
[0.184s] -- Up-to-date: /home/shiva/Documents/proj_wrkspace/install/turtlebot3_fake_node/share/turtlebot3_fake_node/environment/path.sh
[0.185s] -- Up-to-date: /home/shiva/Documents/proj_wrkspace/install/turtlebot3_fake_node/share/turtlebot3_fake_node/environment/path.dsv
[0.185s] -- Up-to-date: /home/shiva/Documents/proj_wrkspace/install/turtlebot3_fake_node/share/turtlebot3_fake_node/local_setup.bash
[0.186s] -- Up-to-date: /home/shiva/Documents/proj_wrkspace/install/turtlebot3_fake_node/share/turtlebot3_fake_node/local_setup.sh
[0.189s] -- Up-to-date: /home/shiva/Documents/proj_wrkspace/install/turtlebot3_fake_node/share/turtlebot3_fake_node/local_setup.zsh
[0.190s] -- Up-to-date: /home/shiva/Documents/proj_wrkspace/install/turtlebot3_fake_node/share/turtlebot3_fake_node/local_setup.dsv
[0.191s] -- Installing: /home/shiva/Documents/proj_wrkspace/install/turtlebot3_fake_node/share/turtlebot3_fake_node/package.dsv
[0.191s] -- Up-to-date: /home/shiva/Documents/proj_wrkspace/install/turtlebot3_fake_node/share/ament_index/resource_index/packages/turtlebot3_fake_node
[0.191s] -- Up-to-date: /home/shiva/Documents/proj_wrkspace/install/turtlebot3_fake_node/share/turtlebot3_fake_node/cmake/ament_cmake_export_include_directories-extras.cmake
[0.192s] -- Up-to-date: /home/shiva/Documents/proj_wrkspace/install/turtlebot3_fake_node/share/turtlebot3_fake_node/cmake/ament_cmake_export_dependencies-extras.cmake
[0.192s] -- Up-to-date: /home/shiva/Documents/proj_wrkspace/install/turtlebot3_fake_node/share/turtlebot3_fake_node/cmake/turtlebot3_fake_nodeConfig.cmake
[0.192s] -- Up-to-date: /home/shiva/Documents/proj_wrkspace/install/turtlebot3_fake_node/share/turtlebot3_fake_node/cmake/turtlebot3_fake_nodeConfig-version.cmake
[0.193s] -- Up-to-date: /home/shiva/Documents/proj_wrkspace/install/turtlebot3_fake_node/share/turtlebot3_fake_node/package.xml
[0.193s] Invoked command in '/home/shiva/Documents/proj_wrkspace/build/turtlebot3_fake_node' returned '0': CMAKE_PREFIX_PATH=${CMAKE_PREFIX_PATH}:/home/shiva/Documents/ros2_wrk_spc/install/rover:/home/shiva/Documents/ros2_wrk_spc/install/my_robo_controller:/home/shiva/Documents/ros2_wrk_spc/install/my_practise_robo:/home/shiva/Documents/ros2_wrk_spc/install/mobile_robo:/opt/ros/humble /usr/bin/cmake --install /home/shiva/Documents/proj_wrkspace/build/turtlebot3_fake_node
