[0.396s] DEBUG:colcon:Command line arguments: ['/usr/bin/colcon', 'build']
[0.396s] DEBUG:colcon:Parsed command line arguments: Namespace(log_base=None, log_level=None, verb_name='build', build_base='build', install_base='install', merge_install=False, symlink_install=False, test_result_base=None, continue_on_error=False, executor='parallel', parallel_workers=8, event_handlers=None, ignore_user_meta=False, metas=['./colcon.meta'], base_paths=['.'], packages_ignore=None, packages_ignore_regex=None, paths=None, packages_up_to=None, packages_up_to_regex=None, packages_above=None, packages_above_and_dependencies=None, packages_above_depth=None, packages_select_by_dep=None, packages_skip_by_dep=None, packages_skip_up_to=None, packages_select_build_failed=False, packages_skip_build_finished=False, packages_select_test_failures=False, packages_skip_test_passed=False, packages_select=None, packages_skip=None, packages_select_regex=None, packages_skip_regex=None, packages_start=None, packages_end=None, allow_overriding=[], cmake_args=None, cmake_target=None, cmake_target_skip_unavailable=False, cmake_clean_cache=False, cmake_clean_first=False, cmake_force_configure=False, ament_cmake_args=None, catkin_cmake_args=None, catkin_skip_building_tests=False, verb_parser=<colcon_defaults.argument_parser.defaults.DefaultArgumentsDecorator object at 0x7f6ed5b37640>, verb_extension=<colcon_core.verb.build.BuildVerb object at 0x7f6ed5b370d0>, main=<bound method BuildVerb.main of <colcon_core.verb.build.BuildVerb object at 0x7f6ed5b370d0>>)
[0.426s] Level 1:colcon.colcon_core.package_discovery:discover_packages(colcon_meta) check parameters
[0.427s] Level 1:colcon.colcon_core.package_discovery:discover_packages(recursive) check parameters
[0.427s] Level 1:colcon.colcon_core.package_discovery:discover_packages(ignore) check parameters
[0.427s] Level 1:colcon.colcon_core.package_discovery:discover_packages(path) check parameters
[0.427s] Level 1:colcon.colcon_core.package_discovery:discover_packages(colcon_meta) discover
[0.427s] Level 1:colcon.colcon_core.package_discovery:discover_packages(recursive) discover
[0.427s] INFO:colcon.colcon_core.package_discovery:Crawling recursively for packages in '/home/shiva/Documents/proj_wrkspace'
[0.427s] Level 1:colcon.colcon_core.package_identification:_identify(.) by extensions ['ignore', 'ignore_ament_install']
[0.427s] Level 1:colcon.colcon_core.package_identification:_identify(.) by extension 'ignore'
[0.427s] Level 1:colcon.colcon_core.package_identification:_identify(.) by extension 'ignore_ament_install'
[0.427s] Level 1:colcon.colcon_core.package_identification:_identify(.) by extensions ['colcon_pkg']
[0.427s] Level 1:colcon.colcon_core.package_identification:_identify(.) by extension 'colcon_pkg'
[0.427s] Level 1:colcon.colcon_core.package_identification:_identify(.) by extensions ['colcon_meta']
[0.427s] Level 1:colcon.colcon_core.package_identification:_identify(.) by extension 'colcon_meta'
[0.427s] Level 1:colcon.colcon_core.package_identification:_identify(.) by extensions ['ros']
[0.427s] Level 1:colcon.colcon_core.package_identification:_identify(.) by extension 'ros'
[0.439s] Level 1:colcon.colcon_core.package_identification:_identify(.) by extensions ['cmake', 'python']
[0.439s] Level 1:colcon.colcon_core.package_identification:_identify(.) by extension 'cmake'
[0.439s] Level 1:colcon.colcon_core.package_identification:_identify(.) by extension 'python'
[0.439s] Level 1:colcon.colcon_core.package_identification:_identify(.) by extensions ['python_setup_py']
[0.439s] Level 1:colcon.colcon_core.package_identification:_identify(.) by extension 'python_setup_py'
[0.439s] Level 1:colcon.colcon_core.package_identification:_identify(build) by extensions ['ignore', 'ignore_ament_install']
[0.439s] Level 1:colcon.colcon_core.package_identification:_identify(build) by extension 'ignore'
[0.440s] Level 1:colcon.colcon_core.package_identification:_identify(build) ignored
[0.440s] Level 1:colcon.colcon_core.package_identification:_identify(install) by extensions ['ignore', 'ignore_ament_install']
[0.440s] Level 1:colcon.colcon_core.package_identification:_identify(install) by extension 'ignore'
[0.440s] Level 1:colcon.colcon_core.package_identification:_identify(install) ignored
[0.440s] Level 1:colcon.colcon_core.package_identification:_identify(log) by extensions ['ignore', 'ignore_ament_install']
[0.440s] Level 1:colcon.colcon_core.package_identification:_identify(log) by extension 'ignore'
[0.440s] Level 1:colcon.colcon_core.package_identification:_identify(log) ignored
[0.440s] Level 1:colcon.colcon_core.package_identification:_identify(src) by extensions ['ignore', 'ignore_ament_install']
[0.440s] Level 1:colcon.colcon_core.package_identification:_identify(src) by extension 'ignore'
[0.440s] Level 1:colcon.colcon_core.package_identification:_identify(src) by extension 'ignore_ament_install'
[0.440s] Level 1:colcon.colcon_core.package_identification:_identify(src) by extensions ['colcon_pkg']
[0.440s] Level 1:colcon.colcon_core.package_identification:_identify(src) by extension 'colcon_pkg'
[0.440s] Level 1:colcon.colcon_core.package_identification:_identify(src) by extensions ['colcon_meta']
[0.440s] Level 1:colcon.colcon_core.package_identification:_identify(src) by extension 'colcon_meta'
[0.440s] Level 1:colcon.colcon_core.package_identification:_identify(src) by extensions ['ros']
[0.440s] Level 1:colcon.colcon_core.package_identification:_identify(src) by extension 'ros'
[0.440s] Level 1:colcon.colcon_core.package_identification:_identify(src) by extensions ['cmake', 'python']
[0.441s] Level 1:colcon.colcon_core.package_identification:_identify(src) by extension 'cmake'
[0.441s] Level 1:colcon.colcon_core.package_identification:_identify(src) by extension 'python'
[0.441s] Level 1:colcon.colcon_core.package_identification:_identify(src) by extensions ['python_setup_py']
[0.441s] Level 1:colcon.colcon_core.package_identification:_identify(src) by extension 'python_setup_py'
[0.441s] Level 1:colcon.colcon_core.package_identification:_identify(src/turtlebot3_fake_node) by extensions ['ignore', 'ignore_ament_install']
[0.441s] Level 1:colcon.colcon_core.package_identification:_identify(src/turtlebot3_fake_node) by extension 'ignore'
[0.441s] Level 1:colcon.colcon_core.package_identification:_identify(src/turtlebot3_fake_node) by extension 'ignore_ament_install'
[0.441s] Level 1:colcon.colcon_core.package_identification:_identify(src/turtlebot3_fake_node) by extensions ['colcon_pkg']
[0.441s] Level 1:colcon.colcon_core.package_identification:_identify(src/turtlebot3_fake_node) by extension 'colcon_pkg'
[0.441s] Level 1:colcon.colcon_core.package_identification:_identify(src/turtlebot3_fake_node) by extensions ['colcon_meta']
[0.441s] Level 1:colcon.colcon_core.package_identification:_identify(src/turtlebot3_fake_node) by extension 'colcon_meta'
[0.441s] Level 1:colcon.colcon_core.package_identification:_identify(src/turtlebot3_fake_node) by extensions ['ros']
[0.441s] Level 1:colcon.colcon_core.package_identification:_identify(src/turtlebot3_fake_node) by extension 'ros'
[0.444s] DEBUG:colcon.colcon_core.package_identification:Package 'src/turtlebot3_fake_node' with type 'ros.ament_cmake' and name 'turtlebot3_fake_node'
[0.444s] Level 1:colcon.colcon_core.package_identification:_identify(src/turtlebot3_gazebo) by extensions ['ignore', 'ignore_ament_install']
[0.444s] Level 1:colcon.colcon_core.package_identification:_identify(src/turtlebot3_gazebo) by extension 'ignore'
[0.444s] Level 1:colcon.colcon_core.package_identification:_identify(src/turtlebot3_gazebo) by extension 'ignore_ament_install'
[0.444s] Level 1:colcon.colcon_core.package_identification:_identify(src/turtlebot3_gazebo) by extensions ['colcon_pkg']
[0.444s] Level 1:colcon.colcon_core.package_identification:_identify(src/turtlebot3_gazebo) by extension 'colcon_pkg'
[0.444s] Level 1:colcon.colcon_core.package_identification:_identify(src/turtlebot3_gazebo) by extensions ['colcon_meta']
[0.444s] Level 1:colcon.colcon_core.package_identification:_identify(src/turtlebot3_gazebo) by extension 'colcon_meta'
[0.444s] Level 1:colcon.colcon_core.package_identification:_identify(src/turtlebot3_gazebo) by extensions ['ros']
[0.444s] Level 1:colcon.colcon_core.package_identification:_identify(src/turtlebot3_gazebo) by extension 'ros'
[0.445s] DEBUG:colcon.colcon_core.package_identification:Package 'src/turtlebot3_gazebo' with type 'ros.ament_cmake' and name 'turtlebot3_gazebo'
[0.446s] Level 1:colcon.colcon_core.package_identification:_identify(src/turtlebot3_simulations) by extensions ['ignore', 'ignore_ament_install']
[0.446s] Level 1:colcon.colcon_core.package_identification:_identify(src/turtlebot3_simulations) by extension 'ignore'
[0.446s] Level 1:colcon.colcon_core.package_identification:_identify(src/turtlebot3_simulations) by extension 'ignore_ament_install'
[0.446s] Level 1:colcon.colcon_core.package_identification:_identify(src/turtlebot3_simulations) by extensions ['colcon_pkg']
[0.446s] Level 1:colcon.colcon_core.package_identification:_identify(src/turtlebot3_simulations) by extension 'colcon_pkg'
[0.446s] Level 1:colcon.colcon_core.package_identification:_identify(src/turtlebot3_simulations) by extensions ['colcon_meta']
[0.446s] Level 1:colcon.colcon_core.package_identification:_identify(src/turtlebot3_simulations) by extension 'colcon_meta'
[0.446s] Level 1:colcon.colcon_core.package_identification:_identify(src/turtlebot3_simulations) by extensions ['ros']
[0.446s] Level 1:colcon.colcon_core.package_identification:_identify(src/turtlebot3_simulations) by extension 'ros'
[0.447s] DEBUG:colcon.colcon_core.package_identification:Package 'src/turtlebot3_simulations' with type 'ros.ament_cmake' and name 'turtlebot3_simulations'
[0.447s] Level 1:colcon.colcon_core.package_discovery:discover_packages(recursive) using defaults
[0.447s] Level 1:colcon.colcon_core.package_discovery:discover_packages(ignore) discover
[0.447s] Level 1:colcon.colcon_core.package_discovery:discover_packages(ignore) using defaults
[0.447s] Level 1:colcon.colcon_core.package_discovery:discover_packages(path) discover
[0.447s] Level 1:colcon.colcon_core.package_discovery:discover_packages(path) using defaults
[0.477s] Level 1:colcon.colcon_core.package_discovery:discover_packages(prefix_path) check parameters
[0.477s] Level 1:colcon.colcon_core.package_discovery:discover_packages(prefix_path) discover
[0.480s] DEBUG:colcon.colcon_installed_package_information.package_discovery:Found 3 installed packages in /home/shiva/Documents/proj_wrkspace/install
[0.482s] DEBUG:colcon.colcon_installed_package_information.package_discovery:Found 4 installed packages in /home/shiva/Documents/ros2_wrk_spc/install
[0.486s] DEBUG:colcon.colcon_installed_package_information.package_discovery:Found 339 installed packages in /opt/ros/humble
[0.489s] Level 1:colcon.colcon_core.package_discovery:discover_packages(prefix_path) using defaults
[0.577s] Level 5:colcon.colcon_core.verb:set package 'turtlebot3_fake_node' build argument 'cmake_args' from command line to 'None'
[0.577s] Level 5:colcon.colcon_core.verb:set package 'turtlebot3_fake_node' build argument 'cmake_target' from command line to 'None'
[0.577s] Level 5:colcon.colcon_core.verb:set package 'turtlebot3_fake_node' build argument 'cmake_target_skip_unavailable' from command line to 'False'
[0.577s] Level 5:colcon.colcon_core.verb:set package 'turtlebot3_fake_node' build argument 'cmake_clean_cache' from command line to 'False'
[0.577s] Level 5:colcon.colcon_core.verb:set package 'turtlebot3_fake_node' build argument 'cmake_clean_first' from command line to 'False'
[0.577s] Level 5:colcon.colcon_core.verb:set package 'turtlebot3_fake_node' build argument 'cmake_force_configure' from command line to 'False'
[0.577s] Level 5:colcon.colcon_core.verb:set package 'turtlebot3_fake_node' build argument 'ament_cmake_args' from command line to 'None'
[0.577s] Level 5:colcon.colcon_core.verb:set package 'turtlebot3_fake_node' build argument 'catkin_cmake_args' from command line to 'None'
[0.577s] Level 5:colcon.colcon_core.verb:set package 'turtlebot3_fake_node' build argument 'catkin_skip_building_tests' from command line to 'False'
[0.578s] DEBUG:colcon.colcon_core.verb:Building package 'turtlebot3_fake_node' with the following arguments: {'ament_cmake_args': None, 'build_base': '/home/shiva/Documents/proj_wrkspace/build/turtlebot3_fake_node', 'catkin_cmake_args': None, 'catkin_skip_building_tests': False, 'cmake_args': None, 'cmake_clean_cache': False, 'cmake_clean_first': False, 'cmake_force_configure': False, 'cmake_target': None, 'cmake_target_skip_unavailable': False, 'install_base': '/home/shiva/Documents/proj_wrkspace/install/turtlebot3_fake_node', 'merge_install': False, 'path': '/home/shiva/Documents/proj_wrkspace/src/turtlebot3_fake_node', 'symlink_install': False, 'test_result_base': None}
[0.579s] Level 5:colcon.colcon_core.verb:set package 'turtlebot3_gazebo' build argument 'cmake_args' from command line to 'None'
[0.579s] Level 5:colcon.colcon_core.verb:set package 'turtlebot3_gazebo' build argument 'cmake_target' from command line to 'None'
[0.579s] Level 5:colcon.colcon_core.verb:set package 'turtlebot3_gazebo' build argument 'cmake_target_skip_unavailable' from command line to 'False'
[0.579s] Level 5:colcon.colcon_core.verb:set package 'turtlebot3_gazebo' build argument 'cmake_clean_cache' from command line to 'False'
[0.579s] Level 5:colcon.colcon_core.verb:set package 'turtlebot3_gazebo' build argument 'cmake_clean_first' from command line to 'False'
[0.579s] Level 5:colcon.colcon_core.verb:set package 'turtlebot3_gazebo' build argument 'cmake_force_configure' from command line to 'False'
[0.579s] Level 5:colcon.colcon_core.verb:set package 'turtlebot3_gazebo' build argument 'ament_cmake_args' from command line to 'None'
[0.579s] Level 5:colcon.colcon_core.verb:set package 'turtlebot3_gazebo' build argument 'catkin_cmake_args' from command line to 'None'
[0.579s] Level 5:colcon.colcon_core.verb:set package 'turtlebot3_gazebo' build argument 'catkin_skip_building_tests' from command line to 'False'
[0.579s] DEBUG:colcon.colcon_core.verb:Building package 'turtlebot3_gazebo' with the following arguments: {'ament_cmake_args': None, 'build_base': '/home/shiva/Documents/proj_wrkspace/build/turtlebot3_gazebo', 'catkin_cmake_args': None, 'catkin_skip_building_tests': False, 'cmake_args': None, 'cmake_clean_cache': False, 'cmake_clean_first': False, 'cmake_force_configure': False, 'cmake_target': None, 'cmake_target_skip_unavailable': False, 'install_base': '/home/shiva/Documents/proj_wrkspace/install/turtlebot3_gazebo', 'merge_install': False, 'path': '/home/shiva/Documents/proj_wrkspace/src/turtlebot3_gazebo', 'symlink_install': False, 'test_result_base': None}
[0.580s] Level 5:colcon.colcon_core.verb:set package 'turtlebot3_simulations' build argument 'cmake_args' from command line to 'None'
[0.580s] Level 5:colcon.colcon_core.verb:set package 'turtlebot3_simulations' build argument 'cmake_target' from command line to 'None'
[0.580s] Level 5:colcon.colcon_core.verb:set package 'turtlebot3_simulations' build argument 'cmake_target_skip_unavailable' from command line to 'False'
[0.580s] Level 5:colcon.colcon_core.verb:set package 'turtlebot3_simulations' build argument 'cmake_clean_cache' from command line to 'False'
[0.580s] Level 5:colcon.colcon_core.verb:set package 'turtlebot3_simulations' build argument 'cmake_clean_first' from command line to 'False'
[0.581s] Level 5:colcon.colcon_core.verb:set package 'turtlebot3_simulations' build argument 'cmake_force_configure' from command line to 'False'
[0.581s] Level 5:colcon.colcon_core.verb:set package 'turtlebot3_simulations' build argument 'ament_cmake_args' from command line to 'None'
[0.581s] Level 5:colcon.colcon_core.verb:set package 'turtlebot3_simulations' build argument 'catkin_cmake_args' from command line to 'None'
[0.581s] Level 5:colcon.colcon_core.verb:set package 'turtlebot3_simulations' build argument 'catkin_skip_building_tests' from command line to 'False'
[0.581s] DEBUG:colcon.colcon_core.verb:Building package 'turtlebot3_simulations' with the following arguments: {'ament_cmake_args': None, 'build_base': '/home/shiva/Documents/proj_wrkspace/build/turtlebot3_simulations', 'catkin_cmake_args': None, 'catkin_skip_building_tests': False, 'cmake_args': None, 'cmake_clean_cache': False, 'cmake_clean_first': False, 'cmake_force_configure': False, 'cmake_target': None, 'cmake_target_skip_unavailable': False, 'install_base': '/home/shiva/Documents/proj_wrkspace/install/turtlebot3_simulations', 'merge_install': False, 'path': '/home/shiva/Documents/proj_wrkspace/src/turtlebot3_simulations', 'symlink_install': False, 'test_result_base': None}
[0.584s] INFO:colcon.colcon_core.executor:Executing jobs using 'parallel' executor
[0.593s] DEBUG:colcon.colcon_parallel_executor.executor.parallel:run_until_complete
[0.593s] INFO:colcon.colcon_ros.task.ament_cmake.build:Building ROS package in '/home/shiva/Documents/proj_wrkspace/src/turtlebot3_fake_node' with build type 'ament_cmake'
[0.593s] INFO:colcon.colcon_cmake.task.cmake.build:Building CMake package in '/home/shiva/Documents/proj_wrkspace/src/turtlebot3_fake_node'
[0.598s] INFO:colcon.colcon_core.plugin_system:Skipping extension 'colcon_core.shell.bat': Not used on non-Windows systems
[0.599s] INFO:colcon.colcon_core.shell:Skip shell extension 'powershell' for command environment: Not usable outside of PowerShell
[0.599s] DEBUG:colcon.colcon_core.shell:Skip shell extension 'dsv' for command environment
[0.606s] INFO:colcon.colcon_ros.task.ament_cmake.build:Building ROS package in '/home/shiva/Documents/proj_wrkspace/src/turtlebot3_gazebo' with build type 'ament_cmake'
[0.606s] INFO:colcon.colcon_cmake.task.cmake.build:Building CMake package in '/home/shiva/Documents/proj_wrkspace/src/turtlebot3_gazebo'
[0.608s] INFO:colcon.colcon_core.shell:Skip shell extension 'powershell' for command environment: Not usable outside of PowerShell
[0.608s] DEBUG:colcon.colcon_core.shell:Skip shell extension 'dsv' for command environment
[0.628s] DEBUG:colcon.colcon_core.event_handler.log_command:Invoking command in '/home/shiva/Documents/proj_wrkspace/build/turtlebot3_fake_node': CMAKE_PREFIX_PATH=${CMAKE_PREFIX_PATH}:/home/shiva/Documents/ros2_wrk_spc/install/rover:/home/shiva/Documents/ros2_wrk_spc/install/my_robo_controller:/home/shiva/Documents/ros2_wrk_spc/install/my_practise_robo:/home/shiva/Documents/ros2_wrk_spc/install/mobile_robo:/opt/ros/humble /usr/bin/cmake --build /home/shiva/Documents/proj_wrkspace/build/turtlebot3_fake_node -- -j8 -l8
[0.640s] DEBUG:colcon.colcon_core.event_handler.log_command:Invoking command in '/home/shiva/Documents/proj_wrkspace/build/turtlebot3_gazebo': CMAKE_PREFIX_PATH=${CMAKE_PREFIX_PATH}:/home/shiva/Documents/ros2_wrk_spc/install/rover:/home/shiva/Documents/ros2_wrk_spc/install/my_robo_controller:/home/shiva/Documents/ros2_wrk_spc/install/my_practise_robo:/home/shiva/Documents/ros2_wrk_spc/install/mobile_robo:/opt/ros/humble /usr/bin/cmake --build /home/shiva/Documents/proj_wrkspace/build/turtlebot3_gazebo -- -j8 -l8
[0.719s] DEBUG:colcon.colcon_core.event_handler.log_command:Invoked command in '/home/shiva/Documents/proj_wrkspace/build/turtlebot3_fake_node' returned '0': CMAKE_PREFIX_PATH=${CMAKE_PREFIX_PATH}:/home/shiva/Documents/ros2_wrk_spc/install/rover:/home/shiva/Documents/ros2_wrk_spc/install/my_robo_controller:/home/shiva/Documents/ros2_wrk_spc/install/my_practise_robo:/home/shiva/Documents/ros2_wrk_spc/install/mobile_robo:/opt/ros/humble /usr/bin/cmake --build /home/shiva/Documents/proj_wrkspace/build/turtlebot3_fake_node -- -j8 -l8
[0.755s] DEBUG:colcon.colcon_core.event_handler.log_command:Invoked command in '/home/shiva/Documents/proj_wrkspace/build/turtlebot3_gazebo' returned '0': CMAKE_PREFIX_PATH=${CMAKE_PREFIX_PATH}:/home/shiva/Documents/ros2_wrk_spc/install/rover:/home/shiva/Documents/ros2_wrk_spc/install/my_robo_controller:/home/shiva/Documents/ros2_wrk_spc/install/my_practise_robo:/home/shiva/Documents/ros2_wrk_spc/install/mobile_robo:/opt/ros/humble /usr/bin/cmake --build /home/shiva/Documents/proj_wrkspace/build/turtlebot3_gazebo -- -j8 -l8
[0.774s] DEBUG:colcon.colcon_core.event_handler.log_command:Invoking command in '/home/shiva/Documents/proj_wrkspace/build/turtlebot3_fake_node': CMAKE_PREFIX_PATH=${CMAKE_PREFIX_PATH}:/home/shiva/Documents/ros2_wrk_spc/install/rover:/home/shiva/Documents/ros2_wrk_spc/install/my_robo_controller:/home/shiva/Documents/ros2_wrk_spc/install/my_practise_robo:/home/shiva/Documents/ros2_wrk_spc/install/mobile_robo:/opt/ros/humble /usr/bin/cmake --install /home/shiva/Documents/proj_wrkspace/build/turtlebot3_fake_node
[0.787s] Level 1:colcon.colcon_core.environment:create_environment_scripts_only(turtlebot3_fake_node)
[0.789s] DEBUG:colcon.colcon_core.event_handler.log_command:Invoked command in '/home/shiva/Documents/proj_wrkspace/build/turtlebot3_fake_node' returned '0': CMAKE_PREFIX_PATH=${CMAKE_PREFIX_PATH}:/home/shiva/Documents/ros2_wrk_spc/install/rover:/home/shiva/Documents/ros2_wrk_spc/install/my_robo_controller:/home/shiva/Documents/ros2_wrk_spc/install/my_practise_robo:/home/shiva/Documents/ros2_wrk_spc/install/mobile_robo:/opt/ros/humble /usr/bin/cmake --install /home/shiva/Documents/proj_wrkspace/build/turtlebot3_fake_node
[0.793s] Level 1:colcon.colcon_core.environment:checking '/home/shiva/Documents/proj_wrkspace/install/turtlebot3_fake_node' for CMake module files
[0.794s] Level 1:colcon.colcon_core.environment:checking '/home/shiva/Documents/proj_wrkspace/install/turtlebot3_fake_node' for CMake config files
[0.794s] Level 1:colcon.colcon_core.shell:create_environment_hook('turtlebot3_fake_node', 'cmake_prefix_path')
[0.796s] INFO:colcon.colcon_core.shell:Creating environment hook '/home/shiva/Documents/proj_wrkspace/install/turtlebot3_fake_node/share/turtlebot3_fake_node/hook/cmake_prefix_path.ps1'
[0.798s] INFO:colcon.colcon_core.shell:Creating environment descriptor '/home/shiva/Documents/proj_wrkspace/install/turtlebot3_fake_node/share/turtlebot3_fake_node/hook/cmake_prefix_path.dsv'
[0.800s] INFO:colcon.colcon_core.shell:Creating environment hook '/home/shiva/Documents/proj_wrkspace/install/turtlebot3_fake_node/share/turtlebot3_fake_node/hook/cmake_prefix_path.sh'
[0.807s] Level 1:colcon.colcon_core.environment:checking '/home/shiva/Documents/proj_wrkspace/install/turtlebot3_fake_node/lib'
[0.808s] Level 1:colcon.colcon_core.environment:checking '/home/shiva/Documents/proj_wrkspace/install/turtlebot3_fake_node/bin'
[0.808s] Level 1:colcon.colcon_core.environment:checking '/home/shiva/Documents/proj_wrkspace/install/turtlebot3_fake_node/lib/pkgconfig/turtlebot3_fake_node.pc'
[0.809s] Level 1:colcon.colcon_core.environment:checking '/home/shiva/Documents/proj_wrkspace/install/turtlebot3_fake_node/lib/python3.10/site-packages'
[0.809s] Level 1:colcon.colcon_core.environment:checking '/home/shiva/Documents/proj_wrkspace/install/turtlebot3_fake_node/bin'
[0.810s] INFO:colcon.colcon_core.shell:Creating package script '/home/shiva/Documents/proj_wrkspace/install/turtlebot3_fake_node/share/turtlebot3_fake_node/package.ps1'
[0.811s] INFO:colcon.colcon_core.shell:Creating package descriptor '/home/shiva/Documents/proj_wrkspace/install/turtlebot3_fake_node/share/turtlebot3_fake_node/package.dsv'
[0.812s] INFO:colcon.colcon_core.shell:Creating package script '/home/shiva/Documents/proj_wrkspace/install/turtlebot3_fake_node/share/turtlebot3_fake_node/package.sh'
[0.814s] INFO:colcon.colcon_core.shell:Creating package script '/home/shiva/Documents/proj_wrkspace/install/turtlebot3_fake_node/share/turtlebot3_fake_node/package.bash'
[0.814s] INFO:colcon.colcon_core.shell:Creating package script '/home/shiva/Documents/proj_wrkspace/install/turtlebot3_fake_node/share/turtlebot3_fake_node/package.zsh'
[0.815s] Level 1:colcon.colcon_core.environment:create_file_with_runtime_dependencies(/home/shiva/Documents/proj_wrkspace/install/turtlebot3_fake_node/share/colcon-core/packages/turtlebot3_fake_node)
[0.819s] DEBUG:colcon.colcon_core.event_handler.log_command:Invoking command in '/home/shiva/Documents/proj_wrkspace/build/turtlebot3_gazebo': CMAKE_PREFIX_PATH=${CMAKE_PREFIX_PATH}:/home/shiva/Documents/ros2_wrk_spc/install/rover:/home/shiva/Documents/ros2_wrk_spc/install/my_robo_controller:/home/shiva/Documents/ros2_wrk_spc/install/my_practise_robo:/home/shiva/Documents/ros2_wrk_spc/install/mobile_robo:/opt/ros/humble /usr/bin/cmake --install /home/shiva/Documents/proj_wrkspace/build/turtlebot3_gazebo
[0.834s] Level 1:colcon.colcon_core.environment:create_environment_scripts_only(turtlebot3_gazebo)
[0.846s] Level 1:colcon.colcon_core.environment:checking '/home/shiva/Documents/proj_wrkspace/install/turtlebot3_gazebo' for CMake module files
[0.847s] Level 1:colcon.colcon_core.environment:checking '/home/shiva/Documents/proj_wrkspace/install/turtlebot3_gazebo' for CMake config files
[0.848s] Level 1:colcon.colcon_core.shell:create_environment_hook('turtlebot3_gazebo', 'cmake_prefix_path')
[0.849s] INFO:colcon.colcon_core.shell:Creating environment hook '/home/shiva/Documents/proj_wrkspace/install/turtlebot3_gazebo/share/turtlebot3_gazebo/hook/cmake_prefix_path.ps1'
[0.850s] INFO:colcon.colcon_core.shell:Creating environment descriptor '/home/shiva/Documents/proj_wrkspace/install/turtlebot3_gazebo/share/turtlebot3_gazebo/hook/cmake_prefix_path.dsv'
[0.851s] INFO:colcon.colcon_core.shell:Creating environment hook '/home/shiva/Documents/proj_wrkspace/install/turtlebot3_gazebo/share/turtlebot3_gazebo/hook/cmake_prefix_path.sh'
[0.852s] Level 1:colcon.colcon_core.environment:checking '/home/shiva/Documents/proj_wrkspace/install/turtlebot3_gazebo/lib'
[0.852s] Level 1:colcon.colcon_core.environment:checking '/home/shiva/Documents/proj_wrkspace/install/turtlebot3_gazebo/bin'
[0.852s] Level 1:colcon.colcon_core.environment:checking '/home/shiva/Documents/proj_wrkspace/install/turtlebot3_gazebo/lib/pkgconfig/turtlebot3_gazebo.pc'
[0.852s] Level 1:colcon.colcon_core.environment:checking '/home/shiva/Documents/proj_wrkspace/install/turtlebot3_gazebo/lib/python3.10/site-packages'
[0.852s] Level 1:colcon.colcon_core.environment:checking '/home/shiva/Documents/proj_wrkspace/install/turtlebot3_gazebo/bin'
[0.854s] INFO:colcon.colcon_core.shell:Creating package script '/home/shiva/Documents/proj_wrkspace/install/turtlebot3_gazebo/share/turtlebot3_gazebo/package.ps1'
[0.856s] INFO:colcon.colcon_core.shell:Creating package descriptor '/home/shiva/Documents/proj_wrkspace/install/turtlebot3_gazebo/share/turtlebot3_gazebo/package.dsv'
[0.858s] INFO:colcon.colcon_core.shell:Creating package script '/home/shiva/Documents/proj_wrkspace/install/turtlebot3_gazebo/share/turtlebot3_gazebo/package.sh'
[0.859s] INFO:colcon.colcon_core.shell:Creating package script '/home/shiva/Documents/proj_wrkspace/install/turtlebot3_gazebo/share/turtlebot3_gazebo/package.bash'
[0.860s] INFO:colcon.colcon_core.shell:Creating package script '/home/shiva/Documents/proj_wrkspace/install/turtlebot3_gazebo/share/turtlebot3_gazebo/package.zsh'
[0.860s] Level 1:colcon.colcon_core.environment:create_file_with_runtime_dependencies(/home/shiva/Documents/proj_wrkspace/install/turtlebot3_gazebo/share/colcon-core/packages/turtlebot3_gazebo)
[0.863s] DEBUG:colcon.colcon_core.event_handler.log_command:Invoked command in '/home/shiva/Documents/proj_wrkspace/build/turtlebot3_gazebo' returned '0': CMAKE_PREFIX_PATH=${CMAKE_PREFIX_PATH}:/home/shiva/Documents/ros2_wrk_spc/install/rover:/home/shiva/Documents/ros2_wrk_spc/install/my_robo_controller:/home/shiva/Documents/ros2_wrk_spc/install/my_practise_robo:/home/shiva/Documents/ros2_wrk_spc/install/mobile_robo:/opt/ros/humble /usr/bin/cmake --install /home/shiva/Documents/proj_wrkspace/build/turtlebot3_gazebo
[0.865s] Level 1:colcon.colcon_core.environment:create_environment_scripts_only(turtlebot3_fake_node)
[0.867s] Level 1:colcon.colcon_core.environment:checking '/home/shiva/Documents/proj_wrkspace/install/turtlebot3_fake_node' for CMake module files
[0.868s] Level 1:colcon.colcon_core.environment:checking '/home/shiva/Documents/proj_wrkspace/install/turtlebot3_fake_node' for CMake config files
[0.868s] Level 1:colcon.colcon_core.shell:create_environment_hook('turtlebot3_fake_node', 'cmake_prefix_path')
[0.870s] INFO:colcon.colcon_core.shell:Creating environment hook '/home/shiva/Documents/proj_wrkspace/install/turtlebot3_fake_node/share/turtlebot3_fake_node/hook/cmake_prefix_path.ps1'
[0.876s] INFO:colcon.colcon_core.shell:Creating environment descriptor '/home/shiva/Documents/proj_wrkspace/install/turtlebot3_fake_node/share/turtlebot3_fake_node/hook/cmake_prefix_path.dsv'
[0.880s] INFO:colcon.colcon_core.shell:Creating environment hook '/home/shiva/Documents/proj_wrkspace/install/turtlebot3_fake_node/share/turtlebot3_fake_node/hook/cmake_prefix_path.sh'
[0.881s] Level 1:colcon.colcon_core.environment:checking '/home/shiva/Documents/proj_wrkspace/install/turtlebot3_fake_node/lib'
[0.881s] Level 1:colcon.colcon_core.environment:checking '/home/shiva/Documents/proj_wrkspace/install/turtlebot3_fake_node/bin'
[0.881s] Level 1:colcon.colcon_core.environment:checking '/home/shiva/Documents/proj_wrkspace/install/turtlebot3_fake_node/lib/pkgconfig/turtlebot3_fake_node.pc'
[0.882s] Level 1:colcon.colcon_core.environment:checking '/home/shiva/Documents/proj_wrkspace/install/turtlebot3_fake_node/lib/python3.10/site-packages'
[0.882s] Level 1:colcon.colcon_core.environment:checking '/home/shiva/Documents/proj_wrkspace/install/turtlebot3_fake_node/bin'
[0.884s] INFO:colcon.colcon_core.shell:Creating package script '/home/shiva/Documents/proj_wrkspace/install/turtlebot3_fake_node/share/turtlebot3_fake_node/package.ps1'
[0.885s] INFO:colcon.colcon_core.shell:Creating package descriptor '/home/shiva/Documents/proj_wrkspace/install/turtlebot3_fake_node/share/turtlebot3_fake_node/package.dsv'
[0.886s] INFO:colcon.colcon_core.shell:Creating package script '/home/shiva/Documents/proj_wrkspace/install/turtlebot3_fake_node/share/turtlebot3_fake_node/package.sh'
[0.886s] INFO:colcon.colcon_core.shell:Creating package script '/home/shiva/Documents/proj_wrkspace/install/turtlebot3_fake_node/share/turtlebot3_fake_node/package.bash'
[0.887s] INFO:colcon.colcon_core.shell:Creating package script '/home/shiva/Documents/proj_wrkspace/install/turtlebot3_fake_node/share/turtlebot3_fake_node/package.zsh'
[0.887s] Level 1:colcon.colcon_core.environment:create_file_with_runtime_dependencies(/home/shiva/Documents/proj_wrkspace/install/turtlebot3_fake_node/share/colcon-core/packages/turtlebot3_fake_node)
[0.898s] Level 1:colcon.colcon_core.environment:create_environment_scripts_only(turtlebot3_gazebo)
[0.901s] Level 1:colcon.colcon_core.environment:checking '/home/shiva/Documents/proj_wrkspace/install/turtlebot3_gazebo' for CMake module files
[0.902s] Level 1:colcon.colcon_core.environment:checking '/home/shiva/Documents/proj_wrkspace/install/turtlebot3_gazebo' for CMake config files
[0.903s] Level 1:colcon.colcon_core.shell:create_environment_hook('turtlebot3_gazebo', 'cmake_prefix_path')
[0.904s] INFO:colcon.colcon_core.shell:Creating environment hook '/home/shiva/Documents/proj_wrkspace/install/turtlebot3_gazebo/share/turtlebot3_gazebo/hook/cmake_prefix_path.ps1'
[0.905s] INFO:colcon.colcon_core.shell:Creating environment descriptor '/home/shiva/Documents/proj_wrkspace/install/turtlebot3_gazebo/share/turtlebot3_gazebo/hook/cmake_prefix_path.dsv'
[0.905s] INFO:colcon.colcon_core.shell:Creating environment hook '/home/shiva/Documents/proj_wrkspace/install/turtlebot3_gazebo/share/turtlebot3_gazebo/hook/cmake_prefix_path.sh'
[0.906s] Level 1:colcon.colcon_core.environment:checking '/home/shiva/Documents/proj_wrkspace/install/turtlebot3_gazebo/lib'
[0.906s] Level 1:colcon.colcon_core.environment:checking '/home/shiva/Documents/proj_wrkspace/install/turtlebot3_gazebo/bin'
[0.906s] Level 1:colcon.colcon_core.environment:checking '/home/shiva/Documents/proj_wrkspace/install/turtlebot3_gazebo/lib/pkgconfig/turtlebot3_gazebo.pc'
[0.906s] Level 1:colcon.colcon_core.environment:checking '/home/shiva/Documents/proj_wrkspace/install/turtlebot3_gazebo/lib/python3.10/site-packages'
[0.907s] Level 1:colcon.colcon_core.environment:checking '/home/shiva/Documents/proj_wrkspace/install/turtlebot3_gazebo/bin'
[0.913s] INFO:colcon.colcon_core.shell:Creating package script '/home/shiva/Documents/proj_wrkspace/install/turtlebot3_gazebo/share/turtlebot3_gazebo/package.ps1'
[0.916s] INFO:colcon.colcon_core.shell:Creating package descriptor '/home/shiva/Documents/proj_wrkspace/install/turtlebot3_gazebo/share/turtlebot3_gazebo/package.dsv'
[0.917s] INFO:colcon.colcon_core.shell:Creating package script '/home/shiva/Documents/proj_wrkspace/install/turtlebot3_gazebo/share/turtlebot3_gazebo/package.sh'
[0.918s] INFO:colcon.colcon_core.shell:Creating package script '/home/shiva/Documents/proj_wrkspace/install/turtlebot3_gazebo/share/turtlebot3_gazebo/package.bash'
[0.918s] INFO:colcon.colcon_core.shell:Creating package script '/home/shiva/Documents/proj_wrkspace/install/turtlebot3_gazebo/share/turtlebot3_gazebo/package.zsh'
[0.919s] Level 1:colcon.colcon_core.environment:create_file_with_runtime_dependencies(/home/shiva/Documents/proj_wrkspace/install/turtlebot3_gazebo/share/colcon-core/packages/turtlebot3_gazebo)
[0.920s] INFO:colcon.colcon_ros.task.ament_cmake.build:Building ROS package in '/home/shiva/Documents/proj_wrkspace/src/turtlebot3_simulations' with build type 'ament_cmake'
[0.920s] INFO:colcon.colcon_cmake.task.cmake.build:Building CMake package in '/home/shiva/Documents/proj_wrkspace/src/turtlebot3_simulations'
[0.921s] INFO:colcon.colcon_core.shell:Skip shell extension 'powershell' for command environment: Not usable outside of PowerShell
[0.921s] DEBUG:colcon.colcon_core.shell:Skip shell extension 'dsv' for command environment
[0.935s] DEBUG:colcon.colcon_core.event_handler.log_command:Invoking command in '/home/shiva/Documents/proj_wrkspace/build/turtlebot3_simulations': CMAKE_PREFIX_PATH=/home/shiva/Documents/proj_wrkspace/install/turtlebot3_gazebo:/home/shiva/Documents/proj_wrkspace/install/turtlebot3_fake_node:/home/shiva/Documents/proj_wrkspace/install/turtlebot3_simulations:/home/shiva/Documents/ros2_wrk_spc/install/rover:/home/shiva/Documents/ros2_wrk_spc/install/my_robo_controller:/home/shiva/Documents/ros2_wrk_spc/install/my_practise_robo:/home/shiva/Documents/ros2_wrk_spc/install/mobile_robo:/opt/ros/humble /usr/bin/cmake --build /home/shiva/Documents/proj_wrkspace/build/turtlebot3_simulations -- -j8 -l8
[0.984s] DEBUG:colcon.colcon_core.event_handler.log_command:Invoked command in '/home/shiva/Documents/proj_wrkspace/build/turtlebot3_simulations' returned '0': CMAKE_PREFIX_PATH=/home/shiva/Documents/proj_wrkspace/install/turtlebot3_gazebo:/home/shiva/Documents/proj_wrkspace/install/turtlebot3_fake_node:/home/shiva/Documents/proj_wrkspace/install/turtlebot3_simulations:/home/shiva/Documents/ros2_wrk_spc/install/rover:/home/shiva/Documents/ros2_wrk_spc/install/my_robo_controller:/home/shiva/Documents/ros2_wrk_spc/install/my_practise_robo:/home/shiva/Documents/ros2_wrk_spc/install/mobile_robo:/opt/ros/humble /usr/bin/cmake --build /home/shiva/Documents/proj_wrkspace/build/turtlebot3_simulations -- -j8 -l8
[1.009s] DEBUG:colcon.colcon_core.event_handler.log_command:Invoking command in '/home/shiva/Documents/proj_wrkspace/build/turtlebot3_simulations': CMAKE_PREFIX_PATH=/home/shiva/Documents/proj_wrkspace/install/turtlebot3_gazebo:/home/shiva/Documents/proj_wrkspace/install/turtlebot3_fake_node:/home/shiva/Documents/proj_wrkspace/install/turtlebot3_simulations:/home/shiva/Documents/ros2_wrk_spc/install/rover:/home/shiva/Documents/ros2_wrk_spc/install/my_robo_controller:/home/shiva/Documents/ros2_wrk_spc/install/my_practise_robo:/home/shiva/Documents/ros2_wrk_spc/install/mobile_robo:/opt/ros/humble /usr/bin/cmake --install /home/shiva/Documents/proj_wrkspace/build/turtlebot3_simulations
[1.026s] Level 1:colcon.colcon_core.environment:create_environment_scripts_only(turtlebot3_simulations)
[1.031s] Level 1:colcon.colcon_core.environment:checking '/home/shiva/Documents/proj_wrkspace/install/turtlebot3_simulations' for CMake module files
[1.032s] DEBUG:colcon.colcon_core.event_handler.log_command:Invoked command in '/home/shiva/Documents/proj_wrkspace/build/turtlebot3_simulations' returned '0': CMAKE_PREFIX_PATH=/home/shiva/Documents/proj_wrkspace/install/turtlebot3_gazebo:/home/shiva/Documents/proj_wrkspace/install/turtlebot3_fake_node:/home/shiva/Documents/proj_wrkspace/install/turtlebot3_simulations:/home/shiva/Documents/ros2_wrk_spc/install/rover:/home/shiva/Documents/ros2_wrk_spc/install/my_robo_controller:/home/shiva/Documents/ros2_wrk_spc/install/my_practise_robo:/home/shiva/Documents/ros2_wrk_spc/install/mobile_robo:/opt/ros/humble /usr/bin/cmake --install /home/shiva/Documents/proj_wrkspace/build/turtlebot3_simulations
[1.032s] Level 1:colcon.colcon_core.environment:checking '/home/shiva/Documents/proj_wrkspace/install/turtlebot3_simulations' for CMake config files
[1.033s] Level 1:colcon.colcon_core.shell:create_environment_hook('turtlebot3_simulations', 'cmake_prefix_path')
[1.036s] INFO:colcon.colcon_core.shell:Creating environment hook '/home/shiva/Documents/proj_wrkspace/install/turtlebot3_simulations/share/turtlebot3_simulations/hook/cmake_prefix_path.ps1'
[1.036s] INFO:colcon.colcon_core.shell:Creating environment descriptor '/home/shiva/Documents/proj_wrkspace/install/turtlebot3_simulations/share/turtlebot3_simulations/hook/cmake_prefix_path.dsv'
[1.037s] INFO:colcon.colcon_core.shell:Creating environment hook '/home/shiva/Documents/proj_wrkspace/install/turtlebot3_simulations/share/turtlebot3_simulations/hook/cmake_prefix_path.sh'
[1.037s] Level 1:colcon.colcon_core.environment:checking '/home/shiva/Documents/proj_wrkspace/install/turtlebot3_simulations/bin'
[1.037s] Level 1:colcon.colcon_core.environment:checking '/home/shiva/Documents/proj_wrkspace/install/turtlebot3_simulations/lib/pkgconfig/turtlebot3_simulations.pc'
[1.038s] Level 1:colcon.colcon_core.environment:checking '/home/shiva/Documents/proj_wrkspace/install/turtlebot3_simulations/lib/python3.10/site-packages'
[1.038s] Level 1:colcon.colcon_core.environment:checking '/home/shiva/Documents/proj_wrkspace/install/turtlebot3_simulations/bin'
[1.039s] INFO:colcon.colcon_core.shell:Creating package script '/home/shiva/Documents/proj_wrkspace/install/turtlebot3_simulations/share/turtlebot3_simulations/package.ps1'
[1.039s] INFO:colcon.colcon_core.shell:Creating package descriptor '/home/shiva/Documents/proj_wrkspace/install/turtlebot3_simulations/share/turtlebot3_simulations/package.dsv'
[1.040s] INFO:colcon.colcon_core.shell:Creating package script '/home/shiva/Documents/proj_wrkspace/install/turtlebot3_simulations/share/turtlebot3_simulations/package.sh'
[1.040s] INFO:colcon.colcon_core.shell:Creating package script '/home/shiva/Documents/proj_wrkspace/install/turtlebot3_simulations/share/turtlebot3_simulations/package.bash'
[1.040s] INFO:colcon.colcon_core.shell:Creating package script '/home/shiva/Documents/proj_wrkspace/install/turtlebot3_simulations/share/turtlebot3_simulations/package.zsh'
[1.041s] Level 1:colcon.colcon_core.environment:create_file_with_runtime_dependencies(/home/shiva/Documents/proj_wrkspace/install/turtlebot3_simulations/share/colcon-core/packages/turtlebot3_simulations)
[1.071s] Level 1:colcon.colcon_core.environment:create_environment_scripts_only(turtlebot3_simulations)
[1.072s] Level 1:colcon.colcon_core.environment:checking '/home/shiva/Documents/proj_wrkspace/install/turtlebot3_simulations' for CMake module files
[1.073s] Level 1:colcon.colcon_core.environment:checking '/home/shiva/Documents/proj_wrkspace/install/turtlebot3_simulations' for CMake config files
[1.073s] Level 1:colcon.colcon_core.shell:create_environment_hook('turtlebot3_simulations', 'cmake_prefix_path')
[1.074s] INFO:colcon.colcon_core.shell:Creating environment hook '/home/shiva/Documents/proj_wrkspace/install/turtlebot3_simulations/share/turtlebot3_simulations/hook/cmake_prefix_path.ps1'
[1.074s] INFO:colcon.colcon_core.shell:Creating environment descriptor '/home/shiva/Documents/proj_wrkspace/install/turtlebot3_simulations/share/turtlebot3_simulations/hook/cmake_prefix_path.dsv'
[1.075s] INFO:colcon.colcon_core.shell:Creating environment hook '/home/shiva/Documents/proj_wrkspace/install/turtlebot3_simulations/share/turtlebot3_simulations/hook/cmake_prefix_path.sh'
[1.075s] Level 1:colcon.colcon_core.environment:checking '/home/shiva/Documents/proj_wrkspace/install/turtlebot3_simulations/bin'
[1.075s] Level 1:colcon.colcon_core.environment:checking '/home/shiva/Documents/proj_wrkspace/install/turtlebot3_simulations/lib/pkgconfig/turtlebot3_simulations.pc'
[1.075s] Level 1:colcon.colcon_core.environment:checking '/home/shiva/Documents/proj_wrkspace/install/turtlebot3_simulations/lib/python3.10/site-packages'
[1.075s] Level 1:colcon.colcon_core.environment:checking '/home/shiva/Documents/proj_wrkspace/install/turtlebot3_simulations/bin'
[1.077s] INFO:colcon.colcon_core.shell:Creating package script '/home/shiva/Documents/proj_wrkspace/install/turtlebot3_simulations/share/turtlebot3_simulations/package.ps1'
[1.077s] INFO:colcon.colcon_core.shell:Creating package descriptor '/home/shiva/Documents/proj_wrkspace/install/turtlebot3_simulations/share/turtlebot3_simulations/package.dsv'
[1.078s] INFO:colcon.colcon_core.shell:Creating package script '/home/shiva/Documents/proj_wrkspace/install/turtlebot3_simulations/share/turtlebot3_simulations/package.sh'
[1.078s] INFO:colcon.colcon_core.shell:Creating package script '/home/shiva/Documents/proj_wrkspace/install/turtlebot3_simulations/share/turtlebot3_simulations/package.bash'
[1.078s] INFO:colcon.colcon_core.shell:Creating package script '/home/shiva/Documents/proj_wrkspace/install/turtlebot3_simulations/share/turtlebot3_simulations/package.zsh'
[1.078s] Level 1:colcon.colcon_core.environment:create_file_with_runtime_dependencies(/home/shiva/Documents/proj_wrkspace/install/turtlebot3_simulations/share/colcon-core/packages/turtlebot3_simulations)
[1.079s] DEBUG:colcon.colcon_parallel_executor.executor.parallel:closing loop
[1.079s] DEBUG:colcon.colcon_parallel_executor.executor.parallel:loop closed
[1.079s] DEBUG:colcon.colcon_parallel_executor.executor.parallel:run_until_complete finished with '0'
[1.079s] DEBUG:colcon.colcon_core.event_reactor:joining thread
[1.084s] INFO:colcon.colcon_core.plugin_system:Skipping extension 'colcon_notification.desktop_notification.terminal_notifier': Not used on non-Darwin systems
[1.084s] INFO:colcon.colcon_core.plugin_system:Skipping extension 'colcon_notification.desktop_notification.win32': Not used on non-Windows systems
[1.084s] INFO:colcon.colcon_notification.desktop_notification:Sending desktop notification using 'notify2'
[1.104s] DEBUG:colcon.colcon_core.event_reactor:joined thread
[1.106s] INFO:colcon.colcon_core.shell:Creating prefix script '/home/shiva/Documents/proj_wrkspace/install/local_setup.ps1'
[1.108s] INFO:colcon.colcon_core.shell:Creating prefix util module '/home/shiva/Documents/proj_wrkspace/install/_local_setup_util_ps1.py'
[1.110s] INFO:colcon.colcon_core.shell:Creating prefix chain script '/home/shiva/Documents/proj_wrkspace/install/setup.ps1'
[1.113s] INFO:colcon.colcon_core.shell:Creating prefix script '/home/shiva/Documents/proj_wrkspace/install/local_setup.sh'
[1.113s] INFO:colcon.colcon_core.shell:Creating prefix util module '/home/shiva/Documents/proj_wrkspace/install/_local_setup_util_sh.py'
[1.114s] INFO:colcon.colcon_core.shell:Creating prefix chain script '/home/shiva/Documents/proj_wrkspace/install/setup.sh'
[1.115s] INFO:colcon.colcon_core.shell:Creating prefix script '/home/shiva/Documents/proj_wrkspace/install/local_setup.bash'
[1.116s] INFO:colcon.colcon_core.shell:Creating prefix chain script '/home/shiva/Documents/proj_wrkspace/install/setup.bash'
[1.117s] INFO:colcon.colcon_core.shell:Creating prefix script '/home/shiva/Documents/proj_wrkspace/install/local_setup.zsh'
[1.118s] INFO:colcon.colcon_core.shell:Creating prefix chain script '/home/shiva/Documents/proj_wrkspace/install/setup.zsh'
